#options: 1280x720 fps=25/1 timebase=1/25 bitdepth=8 cabac=1 ref=1 deblock=1:0:0 analyse=0x1:0 me=dia subme=2 psy=1 psy_rd=1.00:0.00 mixed_ref=0 me_range=16 chroma_me=1 trellis=0 8x8dct=0 cqm=0 deadzone=21,11 fast_pskip=1 chroma_qp_offset=0 threads=22 lookahead_threads=5 sliced_threads=0 nr=0 decimate=1 interlaced=0 bluray_compat=0 constrained_intra=0 bframes=3 b_pyramid=2 b_adapt=1 b_bias=0 direct=3 weightb=1 open_gop=0 weightp=2 keyint=250 keyint_min=25 scenecut=40 intra_refresh=0 rc_lookahead=50 rc=abr mbtree=1 bitrate=1000 ratetol=1.0 qcomp=0.60 qpmin=0 qpmax=69 qpstep=4 ip_ratio=1.40 aq=1:1.00
in:0 out:0 type:I dur:2 cpbdur:2 q:33.76 aq:16.74 tex:5479 mv:4767 misc:138 imb:3600 pmb:0 smb:0 d:- ref:;
in:4 out:1 type:P dur:2 cpbdur:2 q:33.75 aq:28.27 tex:52604 mv:3712 misc:2748 imb:862 pmb:186 smb:2552 d:- ref:0 ;
in:2 out:2 type:B dur:2 cpbdur:2 q:33.75 aq:30.26 tex:9728 mv:2783 misc:2361 imb:14 pmb:703 smb:2883 d:s ref:0 ;
in:1 out:3 type:b dur:2 cpbdur:2 q:33.75 aq:31.73 tex:2712 mv:488 misc:1400 imb:1 pmb:268 smb:3331 d:s ref:0 ;
in:3 out:4 type:b dur:2 cpbdur:2 q:33.75 aq:29.55 tex:4102 mv:4162 misc:1744 imb:41 pmb:397 smb:3162 d:- ref:0 ;
in:8 out:5 type:P dur:2 cpbdur:2 q:33.56 aq:27.71 tex:99145 mv:13789 misc:2882 imb:1296 pmb:808 smb:1496 d:- ref:0 ;
in:6 out:6 type:B dur:2 cpbdur:2 q:33.66 aq:29.51 tex:14337 mv:9648 misc:2919 imb:128 pmb:963 smb:2509 d:t ref:0 ;
in:5 out:7 type:b dur:2 cpbdur:2 q:33.71 aq:29.85 tex:4288 mv:4791 misc:2073 imb:41 pmb:490 smb:3069 d:s ref:0 ;
in:7 out:8 type:b dur:2 cpbdur:2 q:33.61 aq:30.09 tex:4684 mv:7771 misc:2393 imb:65 pmb:636 smb:2899 d:- ref:0 ;
in:12 out:9 type:P dur:2 cpbdur:2 q:33.67 aq:27.54 tex:126528 mv:20247 misc:2577 imb:1254 pmb:1392 smb:954 d:- ref:0 ;
in:10 out:10 type:B dur:2 cpbdur:2 q:33.62 aq:30.47 tex:20315 mv:12481 misc:3204 imb:121 pmb:1118 smb:2361 d:t ref:0 ;
in:9 out:11 type:b dur:2 cpbdur:2 q:33.59 aq:30.87 tex:5969 mv:6655 misc:2464 imb:64 pmb:630 smb:2906 d:s ref:0 ;
in:11 out:12 type:b dur:2 cpbdur:2 q:33.65 aq:31.57 tex:7356 mv:9527 misc:2773 imb:72 pmb:774 smb:2754 d:- ref:0 ;
in:16 out:13 type:P dur:2 cpbdur:2 q:33.98 aq:28.69 tex:145435 mv:23971 misc:2082 imb:1151 pmb:1736 smb:713 d:- ref:0 ;
in:14 out:14 type:B dur:2 cpbdur:2 q:33.82 aq:30.57 tex:27374 mv:14498 misc:3368 imb:154 pmb:1264 smb:2182 d:t ref:0 ;
in:13 out:15 type:b dur:2 cpbdur:2 q:33.75 aq:32.67 tex:9048 mv:7205 misc:2627 imb:43 pmb:727 smb:2830 d:s ref:0 ;
in:15 out:16 type:b dur:2 cpbdur:2 q:33.90 aq:33.21 tex:10673 mv:10815 misc:2800 imb:44 pmb:877 smb:2679 d:- ref:0 ;
in:20 out:17 type:P dur:2 cpbdur:2 q:34.40 aq:29.36 tex:154503 mv:26670 misc:1899 imb:1042 pmb:1981 smb:577 d:- ref:0 ;
in:18 out:18 type:B dur:2 cpbdur:2 q:34.19 aq:32.20 tex:31319 mv:15283 misc:3302 imb:134 pmb:1288 smb:2178 d:t ref:0 ;
in:17 out:19 type:b dur:2 cpbdur:2 q:34.08 aq:33.76 tex:11000 mv:8193 misc:2623 imb:50 pmb:753 smb:2797 d:s ref:0 ;
in:19 out:20 type:b dur:2 cpbdur:2 q:34.30 aq:34.69 tex:12464 mv:11565 misc:2835 imb:38 pmb:948 smb:2614 d:- ref:0 ;
in:24 out:21 type:P dur:2 cpbdur:2 q:34.88 aq:30.77 tex:151304 mv:27291 misc:1949 imb:894 pmb:2090 smb:616 d:- ref:0 ;
in:22 out:22 type:B dur:2 cpbdur:2 q:34.64 aq:33.13 tex:33818 mv:14657 misc:3189 imb:112 pmb:1279 smb:2209 d:t ref:0 ;
in:21 out:23 type:b dur:2 cpbdur:2 q:34.52 aq:34.36 tex:12015 mv:8606 misc:2627 imb:44 pmb:768 smb:2788 d:s ref:0 ;
in:23 out:24 type:b dur:2 cpbdur:2 q:34.76 aq:36.07 tex:12221 mv:12155 misc:2880 imb:34 pmb:982 smb:2584 d:- ref:0 ;
in:28 out:25 type:P dur:2 cpbdur:2 q:31.43 aq:27.37 tex:332216 mv:31540 misc:1052 imb:995 pmb:2366 smb:239 d:s ref:0 ;
in:26 out:26 type:B dur:2 cpbdur:2 q:33.16 aq:31.45 tex:65406 mv:28261 misc:3157 imb:125 pmb:2074 smb:1401 d:t ref:0 ;
in:25 out:27 type:b dur:2 cpbdur:2 q:34.02 aq:34.59 tex:18549 mv:14494 misc:3069 imb:43 pmb:1141 smb:2416 d:s ref:0 ;
in:27 out:28 type:b dur:2 cpbdur:2 q:32.30 aq:32.57 tex:32260 mv:18465 misc:3275 imb:57 pmb:1484 smb:2059 d:- ref:0 ;
in:32 out:29 type:P dur:2 cpbdur:2 q:33.94 aq:30.48 tex:204244 mv:30878 misc:1374 imb:897 pmb:2338 smb:365 d:s ref:0 ;
in:30 out:30 type:B dur:2 cpbdur:2 q:32.69 aq:31.28 tex:78871 mv:31568 misc:2937 imb:138 pmb:2263 smb:1199 d:t ref:0 ;
in:29 out:31 type:b dur:2 cpbdur:2 q:32.06 aq:32.58 tex:40873 mv:20149 misc:3258 imb:59 pmb:1585 smb:1956 d:t ref:0 ;
in:31 out:32 type:b dur:2 cpbdur:2 q:33.32 aq:33.87 tex:27771 mv:16844 misc:3225 imb:43 pmb:1383 smb:2174 d:- ref:0 ;
in:36 out:33 type:P dur:2 cpbdur:2 q:35.91 aq:32.35 tex:155406 mv:30208 misc:1634 imb:918 pmb:2207 smb:475 d:s ref:0 ;
in:34 out:34 type:B dur:2 cpbdur:2 q:34.93 aq:34.30 tex:49951 mv:26954 misc:3255 imb:120 pmb:1935 smb:1545 d:t ref:0 ;
in:33 out:35 type:b dur:2 cpbdur:2 q:34.43 aq:35.83 tex:21764 mv:15243 misc:3073 imb:38 pmb:1221 smb:2341 d:t ref:0 ;
in:35 out:36 type:b dur:2 cpbdur:2 q:35.42 aq:36.62 tex:16938 mv:13749 misc:3097 imb:39 pmb:1120 smb:2441 d:- ref:0 ;
in:40 out:37 type:P dur:2 cpbdur:2 q:37.43 aq:34.50 tex:119771 mv:29321 misc:1940 imb:927 pmb:2104 smb:569 d:s ref:0 ;
in:38 out:38 type:B dur:2 cpbdur:2 q:36.67 aq:36.03 tex:34394 mv:23625 misc:3253 imb:100 pmb:1729 smb:1771 d:t ref:0 ;
in:37 out:39 type:b dur:2 cpbdur:2 q:36.29 aq:38.19 tex:14176 mv:12350 misc:2866 imb:39 pmb:1003 smb:2558 d:s ref:0 ;
in:39 out:40 type:b dur:2 cpbdur:2 q:37.05 aq:39.21 tex:11622 mv:11482 misc:2800 imb:31 pmb:941 smb:2628 d:- ref:0 ;
in:44 out:41 type:P dur:2 cpbdur:2 q:38.58 aq:35.91 tex:106018 mv:27479 misc:2111 imb:995 pmb:1901 smb:704 d:t ref:0 ;
in:42 out:42 type:B dur:2 cpbdur:2 q:38.00 aq:37.76 tex:27348 mv:14620 misc:3248 imb:111 pmb:1301 smb:2188 d:t ref:0 ;
in:41 out:43 type:b dur:2 cpbdur:2 q:37.72 aq:39.45 tex:10059 mv:8055 misc:2622 imb:42 pmb:772 smb:2786 d:s ref:0 ;
in:43 out:44 type:b dur:2 cpbdur:2 q:38.29 aq:40.12 tex:8642 mv:8847 misc:2583 imb:29 pmb:765 smb:2806 d:- ref:0 ;
in:48 out:45 type:P dur:2 cpbdur:2 q:39.39 aq:36.81 tex:94189 mv:26909 misc:2166 imb:1061 pmb:1805 smb:734 d:t ref:0 ;
in:46 out:46 type:B dur:2 cpbdur:2 q:38.98 aq:39.44 tex:21348 mv:13199 misc:3213 imb:101 pmb:1188 smb:2311 d:t ref:0 ;
in:45 out:47 type:b dur:2 cpbdur:2 q:38.78 aq:41.07 tex:7788 mv:7257 misc:2563 imb:34 pmb:705 smb:2861 d:s ref:0 ;
in:47 out:48 type:b dur:2 cpbdur:2 q:39.18 aq:41.64 tex:6926 mv:8519 misc:2635 imb:28 pmb:750 smb:2822 d:- ref:0 ;
in:52 out:49 type:P dur:2 cpbdur:2 q:40.85 aq:38.45 tex:70909 mv:24511 misc:2596 imb:1074 pmb:1583 smb:943 d:t ref:0 ;
in:50 out:50 type:B dur:2 cpbdur:2 q:40.12 aq:40.72 tex:16728 mv:11778 misc:3030 imb:115 pmb:1028 smb:2457 d:t ref:0 ;
in:49 out:51 type:b dur:2 cpbdur:2 q:39.75 aq:41.36 tex:5216 mv:6213 misc:2403 imb:33 pmb:614 smb:2953 d:s ref:0 ;
in:51 out:52 type:b dur:2 cpbdur:2 q:40.49 aq:42.40 tex:5405 mv:6981 misc:2446 imb:29 pmb:635 smb:2936 d:- ref:0 ;
in:56 out:53 type:P dur:2 cpbdur:2 q:41.87 aq:39.50 tex:58421 mv:22546 misc:2737 imb:1038 pmb:1424 smb:1138 d:t ref:0 ;
in:54 out:54 type:B dur:2 cpbdur:2 q:41.36 aq:41.40 tex:12920 mv:9694 misc:2834 imb:113 pmb:864 smb:2623 d:t ref:0 ;
in:53 out:55 type:b dur:2 cpbdur:2 q:41.11 aq:43.52 tex:3793 mv:5274 misc:2181 imb:21 pmb:548 smb:3031 d:s ref:0 ;
in:55 out:56 type:b dur:2 cpbdur:2 q:41.62 aq:44.08 tex:3936 mv:5547 misc:2189 imb:25 pmb:528 smb:3047 d:- ref:0 ;
in:60 out:57 type:P dur:2 cpbdur:2 q:42.43 aq:40.53 tex:51242 mv:21396 misc:2994 imb:959 pmb:1327 smb:1314 d:t ref:0 ;
in:58 out:58 type:B dur:2 cpbdur:2 q:42.15 aq:42.94 tex:11073 mv:8583 misc:2720 imb:95 pmb:811 smb:2694 d:t ref:0 ;
in:57 out:59 type:b dur:2 cpbdur:2 q:42.01 aq:42.63 tex:3135 mv:4653 misc:2124 imb:23 pmb:494 smb:3083 d:s ref:0 ;
in:59 out:60 type:b dur:2 cpbdur:2 q:42.29 aq:45.19 tex:3453 mv:5046 misc:2021 imb:23 pmb:457 smb:3120 d:- ref:0 ;
in:64 out:61 type:P dur:2 cpbdur:2 q:42.69 aq:40.85 tex:48127 mv:20372 misc:3109 imb:963 pmb:1256 smb:1381 d:t ref:0 ;
in:62 out:62 type:B dur:2 cpbdur:2 q:42.56 aq:42.95 tex:9792 mv:8336 misc:2616 imb:86 pmb:735 smb:2779 d:t ref:0 ;
in:61 out:63 type:b dur:2 cpbdur:2 q:42.50 aq:45.78 tex:3180 mv:4209 misc:1939 imb:26 pmb:437 smb:3137 d:s ref:0 ;
in:63 out:64 type:b dur:2 cpbdur:2 q:42.63 aq:45.16 tex:3469 mv:5289 misc:2058 imb:25 pmb:484 smb:3091 d:- ref:0 ;
in:68 out:65 type:P dur:2 cpbdur:2 q:42.78 aq:40.56 tex:51477 mv:20108 misc:3007 imb:1043 pmb:1182 smb:1375 d:t ref:0 ;
in:66 out:66 type:B dur:2 cpbdur:2 q:42.73 aq:43.06 tex:9123 mv:8576 misc:2653 imb:75 pmb:796 smb:2729 d:t ref:0 ;
in:65 out:67 type:b dur:2 cpbdur:2 q:42.71 aq:45.44 tex:2837 mv:4313 misc:2098 imb:26 pmb:475 smb:3099 d:s ref:0 ;
in:67 out:68 type:b dur:2 cpbdur:2 q:42.76 aq:45.28 tex:3054 mv:4888 misc:1986 imb:23 pmb:462 smb:3115 d:- ref:0 ;
in:72 out:69 type:P dur:2 cpbdur:2 q:42.78 aq:40.54 tex:50811 mv:20321 misc:2948 imb:1087 pmb:1168 smb:1345 d:t ref:0 ;
in:70 out:70 type:B dur:2 cpbdur:2 q:42.78 aq:43.89 tex:10011 mv:8769 misc:2724 imb:64 pmb:846 smb:2690 d:t ref:0 ;
in:69 out:71 type:b dur:2 cpbdur:2 q:42.78 aq:45.46 tex:3139 mv:4845 misc:2080 imb:31 pmb:496 smb:3073 d:s ref:0 ;
in:71 out:72 type:b dur:2 cpbdur:2 q:42.78 aq:45.56 tex:3794 mv:4880 misc:2006 imb:15 pmb:489 smb:3096 d:- ref:0 ;
in:76 out:73 type:P dur:2 cpbdur:2 q:42.65 aq:40.78 tex:56462 mv:20580 misc:2918 imb:1136 pmb:1163 smb:1301 d:t ref:0 ;
in:74 out:74 type:B dur:2 cpbdur:2 q:42.71 aq:43.35 tex:9563 mv:8633 misc:2772 imb:92 pmb:814 smb:2694 d:t ref:0 ;
in:73 out:75 type:b dur:2 cpbdur:2 q:42.74 aq:45.24 tex:3644 mv:5039 misc:2197 imb:36 pmb:530 smb:3034 d:s ref:0 ;
in:75 out:76 type:b dur:2 cpbdur:2 q:42.68 aq:45.92 tex:3611 mv:5197 misc:2040 imb:27 pmb:488 smb:3085 d:- ref:0 ;
in:80 out:77 type:P dur:2 cpbdur:2 q:42.47 aq:40.83 tex:56611 mv:21099 misc:2786 imb:1115 pmb:1194 smb:1291 d:t ref:0 ;
in:78 out:78 type:B dur:2 cpbdur:2 q:42.56 aq:43.38 tex:10989 mv:9246 misc:2781 imb:91 pmb:908 smb:2601 d:t ref:0 ;
in:77 out:79 type:b dur:2 cpbdur:2 q:42.60 aq:44.69 tex:3757 mv:5453 misc:2254 imb:45 pmb:565 smb:2990 d:s ref:0 ;
in:79 out:80 type:b dur:2 cpbdur:2 q:42.52 aq:44.97 tex:4261 mv:6122 misc:2297 imb:33 pmb:576 smb:2991 d:- ref:0 ;
in:84 out:81 type:P dur:2 cpbdur:2 q:42.27 aq:40.66 tex:61617 mv:21616 misc:2551 imb:1201 pmb:1168 smb:1231 d:s ref:0 ;
in:82 out:82 type:B dur:2 cpbdur:2 q:42.37 aq:43.59 tex:13157 mv:14397 misc:3102 imb:103 pmb:1194 smb:2303 d:t ref:0 ;
in:81 out:83 type:b dur:2 cpbdur:2 q:42.42 aq:45.13 tex:4817 mv:6723 misc:2372 imb:44 pmb:632 smb:2924 d:s ref:0 ;
in:83 out:84 type:b dur:2 cpbdur:2 q:42.32 aq:45.05 tex:4307 mv:6096 misc:2205 imb:40 pmb:570 smb:2990 d:- ref:0 ;
in:88 out:85 type:P dur:2 cpbdur:2 q:42.08 aq:40.05 tex:61782 mv:21174 misc:2548 imb:1219 pmb:1154 smb:1227 d:s ref:0 ;
in:86 out:86 type:B dur:2 cpbdur:2 q:42.17 aq:43.26 tex:14198 mv:14990 misc:3092 imb:113 pmb:1258 smb:2229 d:t ref:0 ;
in:85 out:87 type:b dur:2 cpbdur:2 q:42.22 aq:44.91 tex:5141 mv:7321 misc:2394 imb:51 pmb:647 smb:2902 d:s ref:0 ;
in:87 out:88 type:b dur:2 cpbdur:2 q:42.13 aq:44.44 tex:5269 mv:7095 misc:2356 imb:48 pmb:663 smb:2889 d:- ref:0 ;
in:92 out:89 type:P dur:2 cpbdur:2 q:41.93 aq:40.47 tex:65794 mv:21354 misc:2556 imb:1211 pmb:1121 smb:1268 d:s ref:0 ;
in:90 out:90 type:B dur:2 cpbdur:2 q:42.01 aq:43.14 tex:17001 mv:15920 misc:3111 imb:138 pmb:1281 smb:2181 d:t ref:0 ;
in:89 out:91 type:b dur:2 cpbdur:2 q:42.04 aq:44.70 tex:5919 mv:7539 misc:2422 imb:59 pmb:690 smb:2851 d:s ref:0 ;
in:91 out:92 type:b dur:2 cpbdur:2 q:41.97 aq:44.51 tex:6885 mv:8439 misc:2492 imb:61 pmb:754 smb:2785 d:- ref:0 ;
in:96 out:93 type:P dur:2 cpbdur:2 q:41.81 aq:40.12 tex:69369 mv:21106 misc:2501 imb:1254 pmb:1102 smb:1244 d:s ref:0 ;
in:94 out:94 type:B dur:2 cpbdur:2 q:41.87 aq:43.27 tex:16962 mv:16413 misc:3089 imb:169 pmb:1254 smb:2177 d:t ref:0 ;
in:93 out:95 type:b dur:2 cpbdur:2 q:41.90 aq:44.62 tex:7074 mv:8379 misc:2267 imb:63 pmb:722 smb:2815 d:s ref:0 ;
in:95 out:96 type:b dur:2 cpbdur:2 q:41.84 aq:44.83 tex:7204 mv:8792 misc:2420 imb:76 pmb:745 smb:2779 d:- ref:0 ;
in:100 out:97 type:P dur:2 cpbdur:2 q:41.73 aq:39.65 tex:72566 mv:21179 misc:2407 imb:1343 pmb:1055 smb:1202 d:s ref:0 ;
in:98 out:98 type:B dur:2 cpbdur:2 q:41.77 aq:42.32 tex:18308 mv:16626 misc:3050 imb:195 pmb:1280 smb:2125 d:t ref:0 ;
in:97 out:99 type:b dur:2 cpbdur:2 q:41.79 aq:44.83 tex:8299 mv:8632 misc:2405 imb:70 pmb:767 smb:2763 d:s ref:0 ;
in:99 out:100 type:b dur:2 cpbdur:2 q:41.75 aq:43.83 tex:8013 mv:9087 misc:2540 imb:80 pmb:805 smb:2715 d:- ref:0 ;
in:104 out:101 type:P dur:2 cpbdur:2 q:41.68 aq:39.82 tex:69943 mv:21274 misc:2463 imb:1261 pmb:1104 smb:1235 d:s ref:0 ;
in:102 out:102 type:B dur:2 cpbdur:2 q:41.70 aq:42.18 tex:20035 mv:16737 misc:3052 imb:184 pmb:1301 smb:2115 d:t ref:0 ;
in:101 out:103 type:b dur:2 cpbdur:2 q:41.72 aq:44.20 tex:8822 mv:9389 misc:2525 imb:89 pmb:810 smb:2701 d:s ref:0 ;
in:103 out:104 type:b dur:2 cpbdur:2 q:41.69 aq:44.50 tex:9322 mv:8802 misc:2428 imb:78 pmb:783 smb:2739 d:- ref:0 ;
in:108 out:105 type:P dur:2 cpbdur:2 q:41.70 aq:40.15 tex:66938 mv:21239 misc:2479 imb:1231 pmb:1103 smb:1266 d:s ref:0 ;
in:106 out:106 type:B dur:2 cpbdur:2 q:41.69 aq:42.70 tex:21698 mv:16830 misc:3048 imb:252 pmb:1248 smb:2100 d:t ref:0 ;
in:105 out:107 type:b dur:2 cpbdur:2 q:41.68 aq:44.42 tex:7719 mv:8341 misc:2284 imb:68 pmb:741 smb:2791 d:s ref:0 ;
in:107 out:108 type:b dur:2 cpbdur:2 q:41.69 aq:44.74 tex:8381 mv:8386 misc:2289 imb:76 pmb:764 smb:2760 d:- ref:0 ;
in:112 out:109 type:P dur:2 cpbdur:2 q:41.72 aq:40.38 tex:72784 mv:21581 misc:2395 imb:1330 pmb:1084 smb:1186 d:s ref:0 ;
in:110 out:110 type:B dur:2 cpbdur:2 q:41.71 aq:42.47 tex:20542 mv:16487 misc:3083 imb:236 pmb:1267 smb:2097 d:t ref:0 ;
in:109 out:111 type:b dur:2 cpbdur:2 q:41.71 aq:45.04 tex:8204 mv:9167 misc:2389 imb:101 pmb:766 smb:2733 d:s ref:0 ;
in:111 out:112 type:b dur:2 cpbdur:2 q:41.72 aq:44.05 tex:9297 mv:9185 misc:2502 imb:110 pmb:782 smb:2708 d:- ref:0 ;
in:116 out:113 type:P dur:2 cpbdur:2 q:41.78 aq:41.13 tex:74930 mv:21896 misc:2454 imb:1423 pmb:1072 smb:1105 d:s ref:0 ;
in:114 out:114 type:B dur:2 cpbdur:2 q:41.75 aq:42.01 tex:21577 mv:17891 misc:3148 imb:216 pmb:1411 smb:1973 d:t ref:0 ;
in:113 out:115 type:b dur:2 cpbdur:2 q:41.74 aq:43.99 tex:9382 mv:9468 misc:2550 imb:107 pmb:833 smb:2660 d:s ref:0 ;
in:115 out:116 type:b dur:2 cpbdur:2 q:41.77 aq:43.95 tex:9090 mv:9751 misc:2679 imb:93 pmb:895 smb:2612 d:- ref:0 ;
in:120 out:117 type:P dur:2 cpbdur:2 q:41.87 aq:40.56 tex:74201 mv:22492 misc:2419 imb:1543 pmb:1063 smb:994 d:s ref:0 ;
in:118 out:118 type:B dur:2 cpbdur:2 q:41.83 aq:42.12 tex:20801 mv:17930 misc:3325 imb:257 pmb:1381 smb:1962 d:t ref:0 ;
in:117 out:119 type:b dur:2 cpbdur:2 q:41.80 aq:43.74 tex:9055 mv:9812 misc:2613 imb:107 pmb:884 smb:2609 d:s ref:0 ;
in:119 out:120 type:b dur:2 cpbdur:2 q:41.85 aq:44.22 tex:8448 mv:10324 misc:2716 imb:111 pmb:896 smb:2593 d:- ref:0 ;
in:124 out:121 type:P dur:2 cpbdur:2 q:41.98 aq:40.66 tex:68618 mv:22048 misc:2622 imb:1448 pmb:1078 smb:1074 d:s ref:0 ;
in:122 out:122 type:B dur:2 cpbdur:2 q:41.93 aq:42.42 tex:21537 mv:18290 misc:3269 imb:299 pmb:1346 smb:1955 d:t ref:0 ;
in:121 out:123 type:b dur:2 cpbdur:2 q:41.90 aq:43.72 tex:8326 mv:10253 misc:2597 imb:130 pmb:836 smb:2634 d:s ref:0 ;
in:123 out:124 type:b dur:2 cpbdur:2 q:41.95 aq:44.06 tex:9768 mv:9948 misc:2700 imb:120 pmb:874 smb:2606 d:- ref:0 ;
in:128 out:125 type:P dur:2 cpbdur:2 q:42.08 aq:40.46 tex:66010 mv:21312 misc:2670 imb:1488 pmb:998 smb:1114 d:s ref:0 ;
in:126 out:126 type:B dur:2 cpbdur:2 q:42.03 aq:42.42 tex:20908 mv:17244 misc:3272 imb:275 pmb:1329 smb:1996 d:t ref:0 ;
in:125 out:127 type:b dur:2 cpbdur:2 q:42.00 aq:43.66 tex:8511 mv:10189 misc:2660 imb:130 pmb:855 smb:2615 d:s ref:0 ;
in:127 out:128 type:b dur:2 cpbdur:2 q:42.05 aq:43.67 tex:8659 mv:9663 misc:2702 imb:146 pmb:830 smb:2624 d:- ref:0 ;
in:132 out:129 type:P dur:2 cpbdur:2 q:42.16 aq:40.73 tex:63601 mv:21018 misc:2773 imb:1409 pmb:1018 smb:1173 d:s ref:0 ;
in:130 out:130 type:B dur:2 cpbdur:2 q:42.12 aq:41.97 tex:18890 mv:17836 misc:3330 imb:303 pmb:1321 smb:1976 d:t ref:0 ;
in:129 out:131 type:b dur:2 cpbdur:2 q:42.10 aq:43.69 tex:8235 mv:9825 misc:2660 imb:163 pmb:794 smb:2643 d:s ref:0 ;
in:131 out:132 type:b dur:2 cpbdur:2 q:42.14 aq:43.79 tex:8791 mv:10567 misc:2754 imb:138 pmb:905 smb:2557 d:- ref:0 ;
in:136 out:133 type:P dur:2 cpbdur:2 q:42.25 aq:40.85 tex:62996 mv:21098 misc:2738 imb:1508 pmb:1001 smb:1091 d:s ref:0 ;
in:134 out:134 type:B dur:2 cpbdur:2 q:42.20 aq:42.17 tex:22153 mv:16961 misc:3286 imb:299 pmb:1325 smb:1976 d:s ref:0 ;
in:133 out:135 type:b dur:2 cpbdur:2 q:42.18 aq:43.70 tex:8615 mv:10441 misc:2720 imb:149 pmb:880 smb:2571 d:s ref:0 ;
in:135 out:136 type:b dur:2 cpbdur:2 q:42.22 aq:43.76 tex:9793 mv:10078 misc:2689 imb:142 pmb:870 smb:2588 d:- ref:0 ;
in:140 out:137 type:P dur:2 cpbdur:2 q:42.36 aq:41.08 tex:64987 mv:21452 misc:2561 imb:1620 pmb:958 smb:1022 d:s ref:0 ;
in:138 out:138 type:B dur:2 cpbdur:2 q:42.30 aq:42.43 tex:20379 mv:17377 misc:3356 imb:341 pmb:1304 smb:1955 d:s ref:0 ;
in:137 out:139 type:b dur:2 cpbdur:2 q:42.27 aq:43.77 tex:8956 mv:9538 misc:2738 imb:164 pmb:816 smb:2620 d:s ref:0 ;
in:139 out:140 type:b dur:2 cpbdur:2 q:42.33 aq:43.75 tex:8162 mv:10352 misc:2798 imb:191 pmb:867 smb:2542 d:- ref:0 ;
in:144 out:141 type:P dur:2 cpbdur:2 q:42.47 aq:40.79 tex:60886 mv:19958 misc:2556 imb:1581 pmb:911 smb:1108 d:s ref:0 ;
in:142 out:142 type:B dur:2 cpbdur:2 q:42.41 aq:42.86 tex:20498 mv:17857 misc:3197 imb:367 pmb:1307 smb:1926 d:s ref:0 ;
in:141 out:143 type:b dur:2 cpbdur:2 q:42.39 aq:43.65 tex:7837 mv:10869 misc:2830 imb:173 pmb:931 smb:2496 d:s ref:0 ;
in:143 out:144 type:b dur:2 cpbdur:2 q:42.44 aq:43.90 tex:8391 mv:10446 misc:2739 imb:208 pmb:832 smb:2560 d:- ref:0 ;
in:148 out:145 type:P dur:2 cpbdur:2 q:42.55 aq:41.48 tex:53264 mv:19149 misc:2667 imb:1415 pmb:880 smb:1305 d:s ref:0 ;
in:146 out:146 type:B dur:2 cpbdur:2 q:42.51 aq:42.99 tex:19599 mv:15698 misc:3071 imb:351 pmb:1142 smb:2107 d:t ref:0 ;
in:145 out:147 type:b dur:2 cpbdur:2 q:42.49 aq:45.12 tex:10005 mv:8930 misc:2513 imb:163 pmb:760 smb:2677 d:s ref:0 ;
in:147 out:148 type:b dur:2 cpbdur:2 q:42.53 aq:44.58 tex:8679 mv:9019 misc:2462 imb:192 pmb:733 smb:2675 d:- ref:0 ;
in:152 out:149 type:P dur:2 cpbdur:2 q:42.62 aq:41.77 tex:52953 mv:19097 misc:2638 imb:1607 pmb:790 smb:1203 d:s ref:0 ;
in:150 out:150 type:B dur:2 cpbdur:2 q:42.58 aq:42.42 tex:18909 mv:15635 misc:3184 imb:348 pmb:1193 smb:2059 d:s ref:0 ;
in:149 out:151 type:b dur:2 cpbdur:2 q:42.57 aq:44.27 tex:8622 mv:8989 misc:2701 imb:191 pmb:788 smb:2621 d:s ref:0 ;
in:151 out:152 type:b dur:2 cpbdur:2 q:42.60 aq:43.83 tex:8675 mv:9026 misc:2755 imb:186 pmb:864 smb:2550 d:- ref:0 ;
in:156 out:153 type:P dur:2 cpbdur:2 q:42.66 aq:40.89 tex:54192 mv:18265 misc:2039 imb:2102 pmb:605 smb:893 d:s ref:0 ;
in:154 out:154 type:B dur:2 cpbdur:2 q:42.64 aq:42.77 tex:28298 mv:18399 misc:3039 imb:632 pmb:1158 smb:1810 d:s ref:0 ;
in:153 out:155 type:b dur:2 cpbdur:2 q:42.63 aq:43.76 tex:12573 mv:11742 misc:2781 imb:409 pmb:854 smb:2337 d:s ref:0 ;
in:155 out:156 type:b dur:2 cpbdur:2 q:42.65 aq:44.20 tex:16110 mv:12515 misc:2855 imb:363 pmb:1006 smb:2231 d:- ref:0 ;
in:157 out:157 type:I dur:2 cpbdur:2 q:39.41 aq:38.02 tex:169614 mv:47020 misc:174 imb:3600 pmb:0 smb:0 d:s ref:;
in:161 out:158 type:P dur:2 cpbdur:2 q:42.81 aq:41.29 tex:56461 mv:20360 misc:1915 imb:2034 pmb:753 smb:813 d:s ref:0 ;
in:159 out:159 type:B dur:2 cpbdur:2 q:42.81 aq:42.55 tex:22475 mv:19564 misc:3065 imb:478 pmb:1269 smb:1853 d:s ref:0 ;
in:158 out:160 type:b dur:2 cpbdur:2 q:42.81 aq:43.04 tex:9581 mv:12688 misc:2755 imb:356 pmb:847 smb:2397 d:s ref:0 ;
in:160 out:161 type:b dur:2 cpbdur:2 q:42.81 aq:44.45 tex:10168 mv:12421 misc:2739 imb:296 pmb:934 smb:2370 d:- ref:0 ;
in:165 out:162 type:P dur:2 cpbdur:2 q:42.88 aq:41.89 tex:67267 mv:21468 misc:2137 imb:1981 pmb:792 smb:827 d:s ref:0 ;
in:163 out:163 type:B dur:2 cpbdur:2 q:42.84 aq:42.65 tex:24581 mv:20569 misc:2890 imb:811 pmb:1188 smb:1601 d:s ref:0 ;
in:162 out:164 type:b dur:2 cpbdur:2 q:42.82 aq:44.29 tex:14305 mv:13107 misc:2740 imb:364 pmb:953 smb:2283 d:s ref:0 ;
in:164 out:165 type:b dur:2 cpbdur:2 q:42.86 aq:43.96 tex:16839 mv:14761 misc:2832 imb:487 pmb:1022 smb:2091 d:- ref:0 ;
in:169 out:166 type:P dur:2 cpbdur:2 q:42.95 aq:41.55 tex:61818 mv:20859 misc:2355 imb:1892 pmb:798 smb:910 d:s ref:0 ;
in:167 out:167 type:B dur:2 cpbdur:2 q:42.91 aq:42.93 tex:21691 mv:18986 misc:3235 imb:481 pmb:1360 smb:1759 d:s ref:0 ;
in:166 out:168 type:b dur:2 cpbdur:2 q:42.89 aq:43.01 tex:12693 mv:14220 misc:3015 imb:540 pmb:965 smb:2095 d:s ref:0 ;
in:168 out:169 type:b dur:2 cpbdur:2 q:42.93 aq:44.58 tex:9604 mv:11281 misc:2915 imb:183 pmb:953 smb:2464 d:- ref:0 ;
in:173 out:170 type:P dur:2 cpbdur:2 q:43.00 aq:41.86 tex:56792 mv:20283 misc:2509 imb:1609 pmb:898 smb:1093 d:s ref:0 ;
in:171 out:171 type:B dur:2 cpbdur:2 q:42.97 aq:43.51 tex:19273 mv:16273 misc:3142 imb:386 pmb:1211 smb:2003 d:s ref:0 ;
in:170 out:172 type:b dur:2 cpbdur:2 q:42.96 aq:44.61 tex:9360 mv:10312 misc:2696 imb:201 pmb:848 smb:2551 d:s ref:0 ;
in:172 out:173 type:b dur:2 cpbdur:2 q:42.99 aq:45.16 tex:8342 mv:9777 misc:2561 imb:174 pmb:820 smb:2606 d:- ref:0 ;
in:177 out:174 type:P dur:2 cpbdur:2 q:43.03 aq:42.04 tex:55927 mv:19671 misc:2682 imb:1459 pmb:892 smb:1249 d:s ref:0 ;
in:175 out:175 type:B dur:2 cpbdur:2 q:43.01 aq:43.71 tex:19118 mv:16416 misc:3122 imb:315 pmb:1255 smb:2030 d:s ref:0 ;
in:174 out:176 type:b dur:2 cpbdur:2 q:43.01 aq:45.16 tex:8820 mv:9949 misc:2623 imb:170 pmb:860 smb:2570 d:s ref:0 ;
in:176 out:177 type:b dur:2 cpbdur:2 q:43.02 aq:45.57 tex:9420 mv:9554 misc:2610 imb:148 pmb:894 smb:2558 d:- ref:0 ;
in:181 out:178 type:P dur:2 cpbdur:2 q:43.18 aq:42.32 tex:53309 mv:18901 misc:2630 imb:1374 pmb:863 smb:1363 d:s ref:0 ;
in:179 out:179 type:B dur:2 cpbdur:2 q:43.10 aq:43.72 tex:17015 mv:15256 misc:3105 imb:251 pmb:1210 smb:2139 d:t ref:0 ;
in:178 out:180 type:b dur:2 cpbdur:2 q:43.07 aq:45.48 tex:8898 mv:9278 misc:2480 imb:135 pmb:821 smb:2644 d:s ref:0 ;
in:180 out:181 type:b dur:2 cpbdur:2 q:43.14 aq:45.54 tex:7670 mv:8214 misc:2508 imb:117 pmb:773 smb:2710 d:- ref:0 ;
in:185 out:182 type:P dur:2 cpbdur:2 q:43.52 aq:42.44 tex:53332 mv:18723 misc:2817 imb:1402 pmb:872 smb:1326 d:s ref:0 ;
in:183 out:183 type:B dur:2 cpbdur:2 q:43.35 aq:44.18 tex:16518 mv:14894 misc:3108 imb:232 pmb:1197 smb:2171 d:t ref:0 ;
in:182 out:184 type:b dur:2 cpbdur:2 q:43.26 aq:45.90 tex:6503 mv:8131 misc:2358 imb:93 pmb:750 smb:2757 d:s ref:0 ;
in:184 out:185 type:b dur:2 cpbdur:2 q:43.44 aq:45.24 tex:7084 mv:8087 misc:2493 imb:90 pmb:776 smb:2734 d:- ref:0 ;
in:189 out:186 type:P dur:2 cpbdur:2 q:43.66 aq:42.29 tex:49054 mv:17928 misc:2890 imb:1349 pmb:817 smb:1434 d:s ref:0 ;
in:187 out:187 type:B dur:2 cpbdur:2 q:43.59 aq:44.53 tex:16971 mv:14204 misc:3113 imb:246 pmb:1165 smb:2189 d:t ref:0 ;
in:186 out:188 type:b dur:2 cpbdur:2 q:43.56 aq:46.51 tex:5949 mv:7672 misc:2459 imb:65 pmb:766 smb:2769 d:s ref:0 ;
in:188 out:189 type:b dur:2 cpbdur:2 q:43.63 aq:46.41 tex:7344 mv:7446 misc:2346 imb:83 pmb:728 smb:2789 d:- ref:0 ;
in:193 out:190 type:P dur:2 cpbdur:2 q:43.79 aq:42.40 tex:48584 mv:18230 misc:2626 imb:1459 pmb:795 smb:1346 d:s ref:0 ;
in:191 out:191 type:B dur:2 cpbdur:2 q:43.73 aq:44.82 tex:16576 mv:13423 misc:2985 imb:256 pmb:1089 smb:2255 d:t ref:0 ;
in:190 out:192 type:b dur:2 cpbdur:2 q:43.69 aq:46.94 tex:7673 mv:7975 misc:2336 imb:108 pmb:763 smb:2729 d:s ref:0 ;
in:192 out:193 type:b dur:2 cpbdur:2 q:43.76 aq:46.13 tex:7325 mv:7515 misc:2280 imb:116 pmb:699 smb:2785 d:- ref:0 ;
in:197 out:194 type:P dur:2 cpbdur:2 q:43.84 aq:42.91 tex:48258 mv:17593 misc:2773 imb:1331 pmb:799 smb:1470 d:s ref:0 ;
in:195 out:195 type:B dur:2 cpbdur:2 q:43.82 aq:45.11 tex:17183 mv:13282 misc:2943 imb:213 pmb:1151 smb:2236 d:t ref:0 ;
in:194 out:196 type:b dur:2 cpbdur:2 q:43.80 aq:46.32 tex:7967 mv:7545 misc:2232 imb:94 pmb:723 smb:2783 d:s ref:0 ;
in:196 out:197 type:b dur:2 cpbdur:2 q:43.83 aq:46.59 tex:7474 mv:7665 misc:2293 imb:81 pmb:738 smb:2781 d:- ref:0 ;
in:201 out:198 type:P dur:2 cpbdur:2 q:43.86 aq:43.17 tex:48906 mv:17870 misc:2776 imb:1327 pmb:822 smb:1451 d:s ref:0 ;
in:199 out:199 type:B dur:2 cpbdur:2 q:43.85 aq:44.80 tex:16072 mv:14109 misc:3043 imb:219 pmb:1173 smb:2208 d:t ref:0 ;
in:198 out:200 type:b dur:2 cpbdur:2 q:43.85 aq:46.46 tex:7433 mv:7755 misc:2372 imb:86 pmb:737 smb:2777 d:s ref:0 ;
in:200 out:201 type:b dur:2 cpbdur:2 q:43.86 aq:46.59 tex:6445 mv:7644 misc:2407 imb:75 pmb:742 smb:2783 d:- ref:0 ;
in:205 out:202 type:P dur:2 cpbdur:2 q:43.87 aq:43.27 tex:47966 mv:18607 misc:2707 imb:1355 pmb:878 smb:1367 d:s ref:0 ;
in:203 out:203 type:B dur:2 cpbdur:2 q:43.87 aq:44.96 tex:16345 mv:13863 misc:3120 imb:217 pmb:1227 smb:2156 d:t ref:0 ;
in:202 out:204 type:b dur:2 cpbdur:2 q:43.86 aq:46.20 tex:7219 mv:8093 misc:2464 imb:90 pmb:771 smb:2739 d:s ref:0 ;
in:204 out:205 type:b dur:2 cpbdur:2 q:43.87 aq:46.65 tex:7486 mv:8302 misc:2508 imb:92 pmb:770 smb:2738 d:- ref:0 ;
in:209 out:206 type:P dur:2 cpbdur:2 q:43.82 aq:43.45 tex:49876 mv:19650 misc:2594 imb:1330 pmb:908 smb:1362 d:s ref:0 ;
in:207 out:207 type:B dur:2 cpbdur:2 q:43.85 aq:44.65 tex:16403 mv:14137 misc:3020 imb:215 pmb:1223 smb:2162 d:t ref:0 ;
in:206 out:208 type:b dur:2 cpbdur:2 q:43.86 aq:46.11 tex:7327 mv:7787 misc:2494 imb:79 pmb:748 smb:2773 d:s ref:0 ;
in:208 out:209 type:b dur:2 cpbdur:2 q:43.83 aq:45.52 tex:6220 mv:7385 misc:2555 imb:72 pmb:745 smb:2783 d:- ref:0 ;
in:213 out:210 type:P dur:2 cpbdur:2 q:43.75 aq:43.30 tex:50702 mv:18794 misc:2752 imb:1324 pmb:906 smb:1370 d:s ref:0 w:5,31,1,5,32,0,31,4 ;
in:211 out:211 type:B dur:2 cpbdur:2 q:43.79 aq:44.95 tex:14709 mv:14066 misc:3137 imb:199 pmb:1191 smb:2210 d:t ref:0 ;
in:210 out:212 type:b dur:2 cpbdur:2 q:43.80 aq:46.44 tex:6514 mv:7228 misc:2362 imb:91 pmb:662 smb:2847 d:s ref:0 ;
in:212 out:213 type:b dur:2 cpbdur:2 q:43.77 aq:46.65 tex:6043 mv:7233 misc:2412 imb:57 pmb:717 smb:2826 d:- ref:0 ;
in:217 out:214 type:P dur:2 cpbdur:2 q:43.69 aq:43.18 tex:49045 mv:19606 misc:2685 imb:1272 pmb:948 smb:1380 d:s ref:0 ;
in:215 out:215 type:B dur:2 cpbdur:2 q:43.72 aq:44.94 tex:14496 mv:13585 misc:3087 imb:175 pmb:1152 smb:2273 d:t ref:0 ;
in:214 out:216 type:b dur:2 cpbdur:2 q:43.74 aq:46.72 tex:5937 mv:6567 misc:2368 imb:59 pmb:672 smb:2869 d:s ref:0 ;
in:216 out:217 type:b dur:2 cpbdur:2 q:43.70 aq:46.59 tex:5387 mv:6270 misc:2303 imb:46 pmb:633 smb:2921 d:- ref:0 ;
in:221 out:218 type:P dur:2 cpbdur:2 q:43.64 aq:43.07 tex:48369 mv:19158 misc:2737 imb:1188 pmb:1008 smb:1404 d:s ref:0 ;
in:219 out:219 type:B dur:2 cpbdur:2 q:43.66 aq:45.40 tex:13385 mv:12896 misc:3015 imb:122 pmb:1151 smb:2327 d:t ref:0 ;
in:218 out:220 type:b dur:2 cpbdur:2 q:43.68 aq:46.97 tex:5949 mv:6118 misc:2309 imb:35 pmb:652 smb:2913 d:s ref:0 ;
in:220 out:221 type:b dur:2 cpbdur:2 q:43.65 aq:46.88 tex:5295 mv:5678 misc:2251 imb:34 pmb:613 smb:2953 d:- ref:0 ;
in:225 out:222 type:P dur:2 cpbdur:2 q:43.60 aq:43.20 tex:47242 mv:19404 misc:2770 imb:1152 pmb:1024 smb:1424 d:s ref:0 ;
in:223 out:223 type:B dur:2 cpbdur:2 q:43.62 aq:45.08 tex:12889 mv:13015 misc:3008 imb:103 pmb:1157 smb:2340 d:t ref:0 ;
in:222 out:224 type:b dur:2 cpbdur:2 q:43.63 aq:46.74 tex:5183 mv:5556 misc:2189 imb:34 pmb:573 smb:2993 d:s ref:0 ;
in:224 out:225 type:b dur:2 cpbdur:2 q:43.61 aq:46.97 tex:4908 mv:6062 misc:2230 imb:33 pmb:591 smb:2976 d:- ref:0 ;
in:229 out:226 type:P dur:2 cpbdur:2 q:43.57 aq:43.13 tex:49791 mv:19623 misc:2818 imb:1208 pmb:983 smb:1409 d:s ref:0 ;
in:227 out:227 type:B dur:2 cpbdur:2 q:43.59 aq:45.03 tex:13459 mv:12798 misc:3007 imb:129 pmb:1099 smb:2372 d:t ref:0 ;
in:226 out:228 type:b dur:2 cpbdur:2 q:43.60 aq:46.95 tex:4344 mv:5739 misc:2189 imb:30 pmb:574 smb:2996 d:s ref:0 ;
in:228 out:229 type:b dur:2 cpbdur:2 q:43.58 aq:46.82 tex:5300 mv:5420 misc:2152 imb:41 pmb:574 smb:2985 d:- ref:0 ;
in:233 out:230 type:P dur:2 cpbdur:2 q:43.53 aq:43.05 tex:48821 mv:19346 misc:2897 imb:1198 pmb:1028 smb:1374 d:s ref:0 ;
in:231 out:231 type:B dur:2 cpbdur:2 q:43.55 aq:44.77 tex:11814 mv:12464 misc:3026 imb:102 pmb:1111 smb:2387 d:t ref:0 ;
in:230 out:232 type:b dur:2 cpbdur:2 q:43.56 aq:46.30 tex:4705 mv:5429 misc:2178 imb:39 pmb:542 smb:3019 d:s ref:0 ;
in:232 out:233 type:b dur:2 cpbdur:2 q:43.54 aq:46.56 tex:4425 mv:5383 misc:2176 imb:35 pmb:558 smb:3007 d:- ref:0 ;
in:237 out:234 type:P dur:2 cpbdur:2 q:43.51 aq:43.01 tex:51949 mv:20322 misc:2769 imb:1248 pmb:1095 smb:1257 d:s ref:0 ;
in:235 out:235 type:B dur:2 cpbdur:2 q:43.52 aq:44.89 tex:14141 mv:13519 misc:2972 imb:165 pmb:1169 smb:2266 d:t ref:0 ;
in:234 out:236 type:b dur:2 cpbdur:2 q:43.53 aq:45.92 tex:5648 mv:5939 misc:2205 imb:111 pmb:554 smb:2935 d:s ref:0 ;
in:236 out:237 type:b dur:2 cpbdur:2 q:43.51 aq:46.25 tex:6604 mv:6663 misc:2317 imb:80 pmb:677 smb:2843 d:- ref:0 ;
in:241 out:238 type:P dur:2 cpbdur:2 q:43.47 aq:42.97 tex:51541 mv:20539 misc:2800 imb:1346 pmb:1049 smb:1205 d:s ref:0 ;
in:239 out:239 type:B dur:2 cpbdur:2 q:43.49 aq:44.58 tex:14194 mv:13712 misc:3222 imb:184 pmb:1207 smb:2209 d:t ref:0 ;
in:238 out:240 type:b dur:2 cpbdur:2 q:43.50 aq:46.27 tex:5790 mv:6415 misc:2427 imb:75 pmb:670 smb:2855 d:s ref:0 ;
in:240 out:241 type:b dur:2 cpbdur:2 q:43.48 aq:45.41 tex:5373 mv:6098 misc:2401 imb:98 pmb:600 smb:2902 d:- ref:0 ;
in:245 out:242 type:P dur:2 cpbdur:2 q:43.42 aq:42.96 tex:54173 mv:21589 misc:2630 imb:1369 pmb:1087 smb:1144 d:s ref:0 ;
in:243 out:243 type:B dur:2 cpbdur:2 q:43.44 aq:44.51 tex:14850 mv:14573 misc:3177 imb:193 pmb:1200 smb:2207 d:t ref:0 ;
in:242 out:244 type:b dur:2 cpbdur:2 q:43.45 aq:45.73 tex:6372 mv:6488 misc:2428 imb:113 pmb:603 smb:2884 d:s ref:0 ;
in:244 out:245 type:b dur:2 cpbdur:2 q:43.43 aq:45.80 tex:5816 mv:6278 misc:2330 imb:102 pmb:591 smb:2907 d:- ref:0 ;
in:249 out:246 type:P dur:2 cpbdur:2 q:43.36 aq:42.60 tex:54654 mv:21276 misc:2710 imb:1345 pmb:1099 smb:1156 d:s ref:0 ;
in:247 out:247 type:B dur:2 cpbdur:2 q:43.39 aq:44.73 tex:13169 mv:13550 misc:3129 imb:122 pmb:1190 smb:2288 d:t ref:0 ;
in:246 out:248 type:b dur:2 cpbdur:2 q:43.40 aq:46.72 tex:4474 mv:5436 misc:2162 imb:33 pmb:569 smb:2998 d:s ref:0 ;
in:248 out:249 type:b dur:2 cpbdur:2 q:43.37 aq:46.30 tex:4435 mv:4630 misc:2055 imb:27 pmb:509 smb:3064 d:- ref:0 ;
in:253 out:250 type:P dur:2 cpbdur:2 q:43.32 aq:42.69 tex:52938 mv:20745 misc:2877 imb:1221 pmb:1106 smb:1273 d:s ref:0 ;
in:251 out:251 type:B dur:2 cpbdur:2 q:43.34 aq:45.06 tex:13583 mv:13529 misc:3064 imb:131 pmb:1167 smb:2302 d:t ref:0 ;
in:250 out:252 type:b dur:2 cpbdur:2 q:43.35 aq:46.79 tex:4430 mv:5473 misc:2209 imb:22 pmb:560 smb:3018 d:s ref:0 ;
in:252 out:253 type:b dur:2 cpbdur:2 q:43.33 aq:46.37 tex:4902 mv:5361 misc:2185 imb:30 pmb:569 smb:3001 d:- ref:0 ;
in:257 out:254 type:P dur:2 cpbdur:2 q:43.26 aq:42.75 tex:53133 mv:20921 misc:2810 imb:1262 pmb:1081 smb:1257 d:s ref:0 ;
in:255 out:255 type:B dur:2 cpbdur:2 q:43.29 aq:45.10 tex:14238 mv:13520 misc:2994 imb:119 pmb:1164 smb:2317 d:t ref:0 ;
in:254 out:256 type:b dur:2 cpbdur:2 q:43.31 aq:46.58 tex:5005 mv:5235 misc:2112 imb:33 pmb:528 smb:3039 d:s ref:0 ;
in:256 out:257 type:b dur:2 cpbdur:2 q:43.27 aq:46.48 tex:5149 mv:5468 misc:2199 imb:39 pmb:574 smb:2987 d:- ref:0 ;
in:261 out:258 type:P dur:2 cpbdur:2 q:43.21 aq:42.41 tex:50732 mv:21272 misc:2860 imb:1180 pmb:1156 smb:1264 d:s ref:0 ;
in:259 out:259 type:B dur:2 cpbdur:2 q:43.23 aq:44.59 tex:14467 mv:13440 misc:2981 imb:154 pmb:1137 smb:2309 d:t ref:0 ;
in:258 out:260 type:b dur:2 cpbdur:2 q:43.24 aq:46.61 tex:5771 mv:5869 misc:2216 imb:46 pmb:621 smb:2933 d:s ref:0 ;
in:260 out:261 type:b dur:2 cpbdur:2 q:43.22 aq:46.75 tex:5608 mv:6316 misc:2188 imb:32 pmb:623 smb:2945 d:- ref:0 ;
in:265 out:262 type:P dur:2 cpbdur:2 q:43.17 aq:42.85 tex:53344 mv:20752 misc:2800 imb:1176 pmb:1125 smb:1299 d:s ref:0 ;
in:263 out:263 type:B dur:2 cpbdur:2 q:43.19 aq:44.46 tex:14740 mv:13926 misc:2990 imb:163 pmb:1162 smb:2275 d:t ref:0 ;
in:262 out:264 type:b dur:2 cpbdur:2 q:43.20 aq:46.27 tex:6294 mv:6667 misc:2239 imb:52 pmb:635 smb:2913 d:s ref:0 ;
in:264 out:265 type:b dur:2 cpbdur:2 q:43.18 aq:45.81 tex:5717 mv:6241 misc:2266 imb:45 pmb:623 smb:2932 d:- ref:0 ;
in:269 out:266 type:P dur:2 cpbdur:2 q:43.14 aq:42.74 tex:54510 mv:21136 misc:2858 imb:1260 pmb:1100 smb:1240 d:s ref:0 ;
in:267 out:267 type:B dur:2 cpbdur:2 q:43.16 aq:44.85 tex:13867 mv:13764 misc:3129 imb:144 pmb:1139 smb:2317 d:t ref:0 ;
in:266 out:268 type:b dur:2 cpbdur:2 q:43.16 aq:46.43 tex:5603 mv:5947 misc:2250 imb:42 pmb:614 smb:2944 d:s ref:0 ;
in:268 out:269 type:b dur:2 cpbdur:2 q:43.15 aq:46.56 tex:5030 mv:5881 misc:2073 imb:41 pmb:564 smb:2995 d:- ref:0 ;
in:273 out:270 type:P dur:2 cpbdur:2 q:43.11 aq:42.26 tex:53402 mv:21476 misc:2738 imb:1305 pmb:1137 smb:1158 d:s ref:0 ;
in:271 out:271 type:B dur:2 cpbdur:2 q:43.12 aq:44.72 tex:13245 mv:13529 misc:3122 imb:147 pmb:1139 smb:2314 d:t ref:0 ;
in:270 out:272 type:b dur:2 cpbdur:2 q:43.13 aq:46.10 tex:5456 mv:5789 misc:2227 imb:63 pmb:574 smb:2963 d:s ref:0 ;
in:272 out:273 type:b dur:2 cpbdur:2 q:43.12 aq:46.17 tex:4952 mv:5999 misc:2145 imb:41 pmb:574 smb:2985 d:- ref:0 ;
in:277 out:274 type:P dur:2 cpbdur:2 q:43.06 aq:42.47 tex:51943 mv:21042 misc:2863 imb:1231 pmb:1106 smb:1263 d:s ref:0 ;
in:275 out:275 type:B dur:2 cpbdur:2 q:43.08 aq:44.56 tex:13471 mv:13605 misc:3116 imb:126 pmb:1152 smb:2322 d:t ref:0 ;
in:274 out:276 type:b dur:2 cpbdur:2 q:43.09 aq:46.35 tex:5883 mv:6160 misc:2245 imb:50 pmb:584 smb:2966 d:s ref:0 ;
in:276 out:277 type:b dur:2 cpbdur:2 q:43.07 aq:46.40 tex:5595 mv:6328 misc:2205 imb:47 pmb:604 smb:2949 d:- ref:0 ;
in:281 out:278 type:P dur:2 cpbdur:2 q:42.99 aq:42.27 tex:52965 mv:20684 misc:2847 imb:1249 pmb:1095 smb:1256 d:s ref:0 ;
in:279 out:279 type:B dur:2 cpbdur:2 q:43.02 aq:44.83 tex:14299 mv:13297 misc:3012 imb:140 pmb:1140 smb:2320 d:t ref:0 ;
in:278 out:280 type:b dur:2 cpbdur:2 q:43.04 aq:46.47 tex:5293 mv:6342 misc:2165 imb:47 pmb:575 smb:2978 d:s ref:0 ;
in:280 out:281 type:b dur:2 cpbdur:2 q:43.01 aq:46.00 tex:5106 mv:5710 misc:2112 imb:35 pmb:571 smb:2994 d:- ref:0 ;
in:285 out:282 type:P dur:2 cpbdur:2 q:42.94 aq:42.42 tex:52051 mv:20830 misc:2831 imb:1233 pmb:1118 smb:1249 d:s ref:0 ;
in:283 out:283 type:B dur:2 cpbdur:2 q:42.97 aq:44.44 tex:13575 mv:13112 misc:3121 imb:132 pmb:1119 smb:2349 d:t ref:0 ;
in:282 out:284 type:b dur:2 cpbdur:2 q:42.98 aq:45.78 tex:5738 mv:6440 misc:2246 imb:43 pmb:625 smb:2932 d:s ref:0 ;
in:284 out:285 type:b dur:2 cpbdur:2 q:42.96 aq:46.30 tex:5015 mv:6067 misc:2222 imb:36 pmb:614 smb:2950 d:- ref:0 ;
in:289 out:286 type:P dur:2 cpbdur:2 q:42.91 aq:42.04 tex:50861 mv:20090 misc:2905 imb:1203 pmb:1081 smb:1316 d:s ref:0 ;
in:287 out:287 type:B dur:2 cpbdur:2 q:42.93 aq:44.80 tex:14372 mv:12760 misc:2980 imb:132 pmb:1121 smb:2347 d:t ref:0 ;
in:286 out:288 type:b dur:2 cpbdur:2 q:42.94 aq:45.80 tex:5102 mv:6171 misc:2095 imb:45 pmb:573 smb:2982 d:s ref:0 ;
in:288 out:289 type:b dur:2 cpbdur:2 q:42.92 aq:46.32 tex:4968 mv:5709 misc:2163 imb:37 pmb:571 smb:2992 d:- ref:0 ;
in:293 out:290 type:P dur:2 cpbdur:2 q:42.88 aq:42.10 tex:52333 mv:20126 misc:2837 imb:1195 pmb:1098 smb:1307 d:s ref:0 ;
in:291 out:291 type:B dur:2 cpbdur:2 q:42.89 aq:43.66 tex:13589 mv:12810 misc:3081 imb:138 pmb:1084 smb:2378 d:t ref:0 ;
in:290 out:292 type:b dur:2 cpbdur:2 q:42.90 aq:46.15 tex:5336 mv:5592 misc:2216 imb:54 pmb:559 smb:2987 d:s ref:0 ;
in:292 out:293 type:b dur:2 cpbdur:2 q:42.88 aq:45.77 tex:5196 mv:5698 misc:2090 imb:47 pmb:575 smb:2978 d:- ref:0 ;
in:297 out:294 type:P dur:2 cpbdur:2 q:42.84 aq:42.01 tex:51208 mv:19620 misc:2956 imb:1183 pmb:1039 smb:1378 d:s ref:0 ;
in:295 out:295 type:B dur:2 cpbdur:2 q:42.86 aq:44.12 tex:13693 mv:12895 misc:3044 imb:130 pmb:1095 smb:2375 d:t ref:0 ;
in:294 out:296 type:b dur:2 cpbdur:2 q:42.87 aq:45.52 tex:5227 mv:5754 misc:2115 imb:47 pmb:556 smb:2997 d:s ref:0 ;
in:296 out:297 type:b dur:2 cpbdur:2 q:42.85 aq:45.59 tex:6026 mv:5551 misc:2055 imb:57 pmb:535 smb:3008 d:- ref:0 ;
in:301 out:298 type:P dur:2 cpbdur:2 q:42.82 aq:42.08 tex:52969 mv:19656 misc:2911 imb:1217 pmb:1048 smb:1335 d:s ref:0 w:6,63,1 ;
in:299 out:299 type:B dur:2 cpbdur:2 q:42.83 aq:43.89 tex:13650 mv:12648 misc:3046 imb:147 pmb:1090 smb:2363 d:t ref:0 ;
in:298 out:300 type:b dur:2 cpbdur:2 q:42.83 aq:45.56 tex:5493 mv:5843 misc:2144 imb:55 pmb:574 smb:2971 d:s ref:0 ;
in:300 out:301 type:b dur:2 cpbdur:2 q:42.82 aq:46.45 tex:5377 mv:5561 misc:2118 imb:40 pmb:567 smb:2993 d:- ref:0 ;
in:305 out:302 type:P dur:2 cpbdur:2 q:42.78 aq:42.01 tex:55520 mv:20384 misc:2800 imb:1246 pmb:1085 smb:1269 d:s ref:0 ;
in:303 out:303 type:B dur:2 cpbdur:2 q:42.80 aq:43.97 tex:13806 mv:13315 misc:2975 imb:138 pmb:1103 smb:2359 d:t ref:0 ;
in:302 out:304 type:b dur:2 cpbdur:2 q:42.81 aq:45.50 tex:5496 mv:6047 misc:2121 imb:48 pmb:575 smb:2977 d:s ref:0 ;
in:304 out:305 type:b dur:2 cpbdur:2 q:42.79 aq:46.44 tex:5848 mv:6183 misc:2193 imb:42 pmb:613 smb:2945 d:- ref:0 ;
in:309 out:306 type:P dur:2 cpbdur:2 q:42.75 aq:41.98 tex:52564 mv:20269 misc:2871 imb:1201 pmb:1112 smb:1287 d:s ref:0 ;
in:307 out:307 type:B dur:2 cpbdur:2 q:42.77 aq:44.24 tex:13877 mv:13125 misc:3022 imb:114 pmb:1136 smb:2350 d:t ref:0 ;
in:306 out:308 type:b dur:2 cpbdur:2 q:42.78 aq:46.24 tex:5912 mv:6166 misc:2098 imb:45 pmb:599 smb:2956 d:s ref:0 ;
in:308 out:309 type:b dur:2 cpbdur:2 q:42.76 aq:45.76 tex:5750 mv:6058 misc:2128 imb:43 pmb:568 smb:2989 d:- ref:0 ;
in:313 out:310 type:P dur:2 cpbdur:2 q:42.71 aq:41.98 tex:52620 mv:20217 misc:2899 imb:1165 pmb:1120 smb:1315 d:s ref:0 ;
in:311 out:311 type:B dur:2 cpbdur:2 q:42.73 aq:44.02 tex:14071 mv:13064 misc:3065 imb:114 pmb:1140 smb:2346 d:t ref:0 ;
in:310 out:312 type:b dur:2 cpbdur:2 q:42.74 aq:45.36 tex:6025 mv:6216 misc:2095 imb:44 pmb:589 smb:2967 d:s ref:0 ;
in:312 out:313 type:b dur:2 cpbdur:2 q:42.72 aq:45.50 tex:5938 mv:6018 misc:2076 imb:41 pmb:568 smb:2991 d:- ref:0 ;
in:317 out:314 type:P dur:2 cpbdur:2 q:42.66 aq:41.87 tex:54363 mv:19464 misc:2949 imb:1120 pmb:1080 smb:1400 d:s ref:0 ;
in:315 out:315 type:B dur:2 cpbdur:2 q:42.68 aq:43.51 tex:14583 mv:13180 misc:3117 imb:132 pmb:1151 smb:2317 d:t ref:0 ;
in:314 out:316 type:b dur:2 cpbdur:2 q:42.69 aq:45.76 tex:6215 mv:6007 misc:2154 imb:49 pmb:585 smb:2966 d:s ref:0 ;
in:316 out:317 type:b dur:2 cpbdur:2 q:42.67 aq:45.57 tex:5757 mv:5771 misc:2144 imb:50 pmb:576 smb:2974 d:- ref:0 ;
in:321 out:318 type:P dur:2 cpbdur:2 q:42.62 aq:41.71 tex:56388 mv:20368 misc:2852 imb:1140 pmb:1131 smb:1329 d:s ref:0 ;
in:319 out:319 type:B dur:2 cpbdur:2 q:42.64 aq:43.63 tex:13928 mv:12978 misc:3150 imb:120 pmb:1170 smb:2310 d:t ref:0 ;
in:318 out:320 type:b dur:2 cpbdur:2 q:42.65 aq:46.17 tex:5286 mv:5596 misc:2102 imb:32 pmb:557 smb:3011 d:s ref:0 ;
in:320 out:321 type:b dur:2 cpbdur:2 q:42.63 aq:45.55 tex:5613 mv:5812 misc:2159 imb:46 pmb:575 smb:2979 d:- ref:0 ;
in:325 out:322 type:P dur:2 cpbdur:2 q:42.58 aq:41.59 tex:53805 mv:21232 misc:2819 imb:1132 pmb:1178 smb:1290 d:s ref:0 ;
in:323 out:323 type:B dur:2 cpbdur:2 q:42.60 aq:44.00 tex:14025 mv:14068 misc:3147 imb:116 pmb:1190 smb:2294 d:t ref:0 ;
in:322 out:324 type:b dur:2 cpbdur:2 q:42.61 aq:45.12 tex:5823 mv:5591 misc:2130 imb:40 pmb:554 smb:3006 d:s ref:0 ;
in:324 out:325 type:b dur:2 cpbdur:2 q:42.59 aq:45.03 tex:5638 mv:5873 misc:2177 imb:37 pmb:570 smb:2993 d:- ref:0 ;
in:329 out:326 type:P dur:2 cpbdur:2 q:42.52 aq:41.53 tex:57131 mv:21265 misc:2820 imb:1191 pmb:1188 smb:1221 d:s ref:0 ;
in:327 out:327 type:B dur:2 cpbdur:2 q:42.55 aq:43.92 tex:13344 mv:13808 misc:3136 imb:96 pmb:1184 smb:2320 d:t ref:0 ;
in:326 out:328 type:b dur:2 cpbdur:2 q:42.56 aq:45.32 tex:5717 mv:6254 misc:2285 imb:48 pmb:612 smb:2940 d:s ref:0 ;
in:328 out:329 type:b dur:2 cpbdur:2 q:42.54 aq:45.28 tex:5198 mv:5872 misc:2226 imb:28 pmb:584 smb:2988 d:- ref:0 ;
in:333 out:330 type:P dur:2 cpbdur:2 q:42.49 aq:41.71 tex:55494 mv:21978 misc:2848 imb:1138 pmb:1249 smb:1213 d:s ref:0 ;
in:331 out:331 type:B dur:2 cpbdur:2 q:42.51 aq:44.01 tex:13279 mv:13691 misc:3174 imb:95 pmb:1202 smb:2303 d:t ref:0 ;
in:330 out:332 type:b dur:2 cpbdur:2 q:42.51 aq:45.59 tex:5156 mv:6165 misc:2191 imb:29 pmb:587 smb:2984 d:s ref:0 ;
in:332 out:333 type:b dur:2 cpbdur:2 q:42.50 aq:45.52 tex:5088 mv:6008 misc:2232 imb:28 pmb:589 smb:2983 d:- ref:0 ;
in:337 out:334 type:P dur:2 cpbdur:2 q:42.46 aq:41.71 tex:54621 mv:21357 misc:2870 imb:1119 pmb:1234 smb:1247 d:s ref:0 ;
in:335 out:335 type:B dur:2 cpbdur:2 q:42.47 aq:43.69 tex:13078 mv:14060 misc:3190 imb:105 pmb:1193 smb:2302 d:t ref:0 ;
in:334 out:336 type:b dur:2 cpbdur:2 q:42.48 aq:45.60 tex:4613 mv:6404 misc:2215 imb:33 pmb:595 smb:2972 d:s ref:0 ;
in:336 out:337 type:b dur:2 cpbdur:2 q:42.46 aq:45.84 tex:4815 mv:6202 misc:2183 imb:43 pmb:571 smb:2986 d:- ref:0 ;
in:341 out:338 type:P dur:2 cpbdur:2 q:42.43 aq:41.47 tex:59012 mv:21248 misc:2828 imb:1178 pmb:1175 smb:1247 d:s ref:0 ;
in:339 out:339 type:B dur:2 cpbdur:2 q:42.44 aq:43.41 tex:13874 mv:14153 misc:3173 imb:120 pmb:1148 smb:2332 d:t ref:0 ;
in:338 out:340 type:b dur:2 cpbdur:2 q:42.45 aq:45.40 tex:4978 mv:6509 misc:2241 imb:24 pmb:618 smb:2958 d:s ref:0 ;
in:340 out:341 type:b dur:2 cpbdur:2 q:42.43 aq:45.47 tex:5257 mv:6272 misc:2279 imb:30 pmb:593 smb:2977 d:- ref:0 ;
in:345 out:342 type:P dur:2 cpbdur:2 q:42.40 aq:41.03 tex:57785 mv:22253 misc:2778 imb:1213 pmb:1221 smb:1166 d:s ref:0 ;
in:343 out:343 type:B dur:2 cpbdur:2 q:42.41 aq:43.81 tex:14184 mv:14467 misc:3157 imb:99 pmb:1209 smb:2292 d:t ref:0 ;
in:342 out:344 type:b dur:2 cpbdur:2 q:42.42 aq:45.11 tex:5389 mv:6517 misc:2270 imb:44 pmb:591 smb:2965 d:s ref:0 ;
in:344 out:345 type:b dur:2 cpbdur:2 q:42.40 aq:45.46 tex:4877 mv:6197 misc:2206 imb:39 pmb:563 smb:2998 d:- ref:0 ;
in:349 out:346 type:P dur:2 cpbdur:2 q:42.39 aq:41.68 tex:56152 mv:21337 misc:2679 imb:1145 pmb:1209 smb:1246 d:s ref:0 ;
in:347 out:347 type:B dur:2 cpbdur:2 q:42.39 aq:43.39 tex:13682 mv:14311 misc:3063 imb:119 pmb:1141 smb:2340 d:t ref:0 ;
in:346 out:348 type:b dur:2 cpbdur:2 q:42.40 aq:45.38 tex:5688 mv:6787 misc:2229 imb:47 pmb:604 smb:2949 d:s ref:0 ;
in:348 out:349 type:b dur:2 cpbdur:2 q:42.39 aq:45.59 tex:5348 mv:6426 misc:2234 imb:38 pmb:612 smb:2950 d:- ref:0 ;
in:353 out:350 type:P dur:2 cpbdur:2 q:42.36 aq:40.87 tex:57108 mv:21301 misc:2871 imb:1204 pmb:1165 smb:1231 d:s ref:0 ;
in:351 out:351 type:B dur:2 cpbdur:2 q:42.38 aq:43.49 tex:15040 mv:14721 misc:3103 imb:121 pmb:1206 smb:2273 d:t ref:0 ;
in:350 out:352 type:b dur:2 cpbdur:2 q:42.38 aq:45.77 tex:5193 mv:6568 misc:2279 imb:30 pmb:609 smb:2961 d:s ref:0 ;
in:352 out:353 type:b dur:2 cpbdur:2 q:42.37 aq:45.42 tex:5510 mv:6516 misc:2326 imb:33 pmb:630 smb:2937 d:- ref:0 ;
in:357 out:354 type:P dur:2 cpbdur:2 q:42.33 aq:40.83 tex:59013 mv:21180 misc:2887 imb:1258 pmb:1129 smb:1213 d:s ref:0 ;
in:355 out:355 type:B dur:2 cpbdur:2 q:42.35 aq:42.96 tex:14474 mv:14355 misc:3203 imb:120 pmb:1175 smb:2305 d:t ref:0 ;
in:354 out:356 type:b dur:2 cpbdur:2 q:42.35 aq:44.96 tex:5527 mv:6837 misc:2244 imb:44 pmb:602 smb:2954 d:s ref:0 ;
in:356 out:357 type:b dur:2 cpbdur:2 q:42.34 aq:45.61 tex:4381 mv:5963 misc:2232 imb:22 pmb:567 smb:3011 d:- ref:0 ;
in:361 out:358 type:P dur:2 cpbdur:2 q:42.30 aq:41.10 tex:57341 mv:20593 misc:2946 imb:1190 pmb:1126 smb:1284 d:s ref:0 ;
in:359 out:359 type:B dur:2 cpbdur:2 q:42.31 aq:42.76 tex:13899 mv:13961 misc:3204 imb:113 pmb:1140 smb:2347 d:t ref:0 ;
in:358 out:360 type:b dur:2 cpbdur:2 q:42.32 aq:44.54 tex:5547 mv:6119 misc:2190 imb:48 pmb:554 smb:2998 d:s ref:0 ;
in:360 out:361 type:b dur:2 cpbdur:2 q:42.30 aq:45.17 tex:5775 mv:6319 misc:2258 imb:34 pmb:592 smb:2974 d:- ref:0 ;
in:365 out:362 type:P dur:2 cpbdur:2 q:42.27 aq:40.46 tex:58776 mv:20778 misc:2958 imb:1255 pmb:1120 smb:1225 d:s ref:0 ;
in:363 out:363 type:B dur:2 cpbdur:2 q:42.28 aq:42.98 tex:15753 mv:14669 misc:3154 imb:126 pmb:1219 smb:2255 d:t ref:0 ;
in:362 out:364 type:b dur:2 cpbdur:2 q:42.29 aq:44.60 tex:5125 mv:6228 misc:2223 imb:27 pmb:580 smb:2993 d:s ref:0 ;
in:364 out:365 type:b dur:2 cpbdur:2 q:42.27 aq:45.24 tex:5145 mv:6304 misc:2255 imb:27 pmb:589 smb:2984 d:- ref:0 ;
in:369 out:366 type:P dur:2 cpbdur:2 q:42.24 aq:40.93 tex:57129 mv:20192 misc:2903 imb:1156 pmb:1117 smb:1327 d:s ref:0 ;
in:367 out:367 type:B dur:2 cpbdur:2 q:42.25 aq:42.66 tex:15952 mv:14160 misc:3104 imb:124 pmb:1185 smb:2291 d:t ref:0 ;
in:366 out:368 type:b dur:2 cpbdur:2 q:42.26 aq:45.08 tex:5591 mv:6381 misc:2332 imb:37 pmb:613 smb:2950 d:s ref:0 ;
in:368 out:369 type:b dur:2 cpbdur:2 q:42.25 aq:45.10 tex:4686 mv:5780 misc:2182 imb:28 pmb:564 smb:3008 d:- ref:0 ;
in:373 out:370 type:P dur:2 cpbdur:2 q:42.21 aq:40.89 tex:59282 mv:20298 misc:2876 imb:1225 pmb:1091 smb:1284 d:s ref:0 ;
in:371 out:371 type:B dur:2 cpbdur:2 q:42.23 aq:42.98 tex:14971 mv:13942 misc:3063 imb:91 pmb:1167 smb:2342 d:t ref:0 ;
in:370 out:372 type:b dur:2 cpbdur:2 q:42.23 aq:45.10 tex:5210 mv:5934 misc:2160 imb:38 pmb:536 smb:3026 d:s ref:0 ;
in:372 out:373 type:b dur:2 cpbdur:2 q:42.22 aq:44.48 tex:4588 mv:5806 misc:2166 imb:31 pmb:544 smb:3025 d:- ref:0 ;
in:377 out:374 type:P dur:2 cpbdur:2 q:42.16 aq:40.77 tex:58032 mv:20174 misc:2786 imb:1198 pmb:1124 smb:1278 d:s ref:0 ;
in:375 out:375 type:B dur:2 cpbdur:2 q:42.19 aq:43.08 tex:14900 mv:14469 misc:3111 imb:114 pmb:1196 smb:2290 d:t ref:0 ;
in:374 out:376 type:b dur:2 cpbdur:2 q:42.20 aq:44.98 tex:4999 mv:6148 misc:2269 imb:46 pmb:567 smb:2987 d:s ref:0 ;
in:376 out:377 type:b dur:2 cpbdur:2 q:42.17 aq:44.46 tex:4935 mv:6237 misc:2252 imb:29 pmb:600 smb:2971 d:- ref:0 ;
in:381 out:378 type:P dur:2 cpbdur:2 q:42.13 aq:40.95 tex:60352 mv:20730 misc:2806 imb:1239 pmb:1116 smb:1245 d:s ref:0 ;
in:379 out:379 type:B dur:2 cpbdur:2 q:42.15 aq:42.90 tex:16164 mv:14556 misc:3072 imb:149 pmb:1209 smb:2242 d:t ref:0 ;
in:378 out:380 type:b dur:2 cpbdur:2 q:42.15 aq:44.65 tex:4900 mv:6700 misc:2344 imb:37 pmb:614 smb:2949 d:s ref:0 ;
in:380 out:381 type:b dur:2 cpbdur:2 q:42.14 aq:45.03 tex:5336 mv:6702 misc:2362 imb:29 pmb:649 smb:2922 d:- ref:0 ;
in:385 out:382 type:P dur:2 cpbdur:2 q:42.11 aq:40.76 tex:61455 mv:20306 misc:2727 imb:1228 pmb:1069 smb:1303 d:s ref:0 ;
in:383 out:383 type:B dur:2 cpbdur:2 q:42.12 aq:43.16 tex:16837 mv:15194 misc:3121 imb:144 pmb:1241 smb:2215 d:t ref:0 ;
in:382 out:384 type:b dur:2 cpbdur:2 q:42.13 aq:44.55 tex:5385 mv:6796 misc:2307 imb:35 pmb:639 smb:2926 d:s ref:0 ;
in:384 out:385 type:b dur:2 cpbdur:2 q:42.11 aq:44.99 tex:5206 mv:7514 misc:2392 imb:43 pmb:688 smb:2869 d:- ref:0 ;
in:389 out:386 type:P dur:2 cpbdur:2 q:42.09 aq:40.88 tex:60736 mv:21369 misc:2623 imb:1291 pmb:1108 smb:1201 d:s ref:0 ;
in:387 out:387 type:B dur:2 cpbdur:2 q:42.10 aq:43.29 tex:17333 mv:15702 misc:3181 imb:160 pmb:1287 smb:2153 d:t ref:0 ;
in:386 out:388 type:b dur:2 cpbdur:2 q:42.10 aq:44.91 tex:5986 mv:8110 misc:2504 imb:42 pmb:750 smb:2808 d:s ref:0 ;
in:388 out:389 type:b dur:2 cpbdur:2 q:42.09 aq:45.08 tex:6218 mv:7798 misc:2424 imb:33 pmb:761 smb:2806 d:- ref:0 ;
in:393 out:390 type:P dur:2 cpbdur:2 q:42.06 aq:40.78 tex:61817 mv:21125 misc:2754 imb:1322 pmb:1067 smb:1211 d:s ref:0 ;
in:391 out:391 type:B dur:2 cpbdur:2 q:42.08 aq:42.46 tex:18331 mv:16898 misc:3171 imb:239 pmb:1288 smb:2073 d:t ref:0 ;
in:390 out:392 type:b dur:2 cpbdur:2 q:42.08 aq:44.12 tex:7532 mv:9030 misc:2558 imb:66 pmb:833 smb:2701 d:s ref:0 ;
in:392 out:393 type:b dur:2 cpbdur:2 q:42.07 aq:44.51 tex:8440 mv:9377 misc:2559 imb:100 pmb:818 smb:2682 d:- ref:0 ;
in:397 out:394 type:P dur:2 cpbdur:2 q:42.06 aq:40.57 tex:59742 mv:22279 misc:2483 imb:1363 pmb:1118 smb:1119 d:s ref:0 ;
in:395 out:395 type:B dur:2 cpbdur:2 q:42.06 aq:43.09 tex:20906 mv:17868 misc:3106 imb:279 pmb:1340 smb:1981 d:t ref:0 ;
in:394 out:396 type:b dur:2 cpbdur:2 q:42.06 aq:44.46 tex:7527 mv:10317 misc:2652 imb:89 pmb:873 smb:2638 d:s ref:0 ;
in:396 out:397 type:b dur:2 cpbdur:2 q:42.06 aq:44.75 tex:7958 mv:9920 misc:2562 imb:92 pmb:862 smb:2646 d:- ref:0 ;
in:399 out:398 type:P dur:2 cpbdur:2 q:42.03 aq:41.52 tex:40808 mv:18446 misc:2818 imb:989 pmb:1114 smb:1497 d:s ref:0 ;
in:398 out:399 type:b dur:2 cpbdur:2 q:42.04 aq:44.89 tex:9296 mv:10075 misc:2533 imb:97 pmb:873 smb:2630 d:t ref:0 ;
in:400 out:400 type:P dur:2 cpbdur:2 q:42.04 aq:41.84 tex:29523 mv:15212 misc:3073 imb:603 pmb:1148 smb:1849 d:s ref:0 ;
in:401 out:401 type:P dur:2 cpbdur:2 q:42.06 aq:41.88 tex:29428 mv:15762 misc:3042 imb:611 pmb:1162 smb:1827 d:s ref:0 ;
in:402 out:402 type:I dur:2 cpbdur:2 q:39.24 aq:37.07 tex:175386 mv:50204 misc:170 imb:3600 pmb:0 smb:0 d:s ref:;
in:406 out:403 type:P dur:2 cpbdur:2 q:42.19 aq:41.07 tex:55536 mv:21530 misc:2342 imb:1431 pmb:1003 smb:1166 d:s ref:0 ;
in:404 out:404 type:B dur:2 cpbdur:2 q:42.19 aq:43.26 tex:18810 mv:18267 misc:2947 imb:268 pmb:1281 smb:2051 d:s ref:0 ;
in:403 out:405 type:b dur:2 cpbdur:2 q:42.19 aq:44.86 tex:7590 mv:10659 misc:2535 imb:82 pmb:888 smb:2630 d:s ref:0 ;
in:405 out:406 type:b dur:2 cpbdur:2 q:42.19 aq:44.80 tex:7490 mv:10283 misc:2531 imb:76 pmb:882 smb:2642 d:- ref:0 ;
in:410 out:407 type:P dur:2 cpbdur:2 q:42.16 aq:40.95 tex:56174 mv:21425 misc:2553 imb:1408 pmb:1008 smb:1184 d:s ref:0 ;
in:408 out:408 type:B dur:2 cpbdur:2 q:42.17 aq:43.24 tex:19170 mv:18607 misc:3055 imb:314 pmb:1293 smb:1993 d:s ref:0 ;
in:407 out:409 type:b dur:2 cpbdur:2 q:42.18 aq:44.43 tex:7826 mv:10685 misc:2553 imb:120 pmb:903 smb:2577 d:s ref:0 ;
in:409 out:410 type:b dur:2 cpbdur:2 q:42.17 aq:44.46 tex:7534 mv:10722 misc:2616 imb:136 pmb:861 smb:2603 d:- ref:0 ;
in:414 out:411 type:P dur:2 cpbdur:2 q:42.14 aq:41.24 tex:61848 mv:20970 misc:2486 imb:1444 pmb:1001 smb:1155 d:s ref:0 ;
in:412 out:412 type:B dur:2 cpbdur:2 q:42.15 aq:42.66 tex:19844 mv:17932 misc:3088 imb:290 pmb:1289 smb:2021 d:s ref:0 ;
in:411 out:413 type:b dur:2 cpbdur:2 q:42.16 aq:44.45 tex:7833 mv:10540 misc:2691 imb:106 pmb:906 smb:2588 d:s ref:0 ;
in:413 out:414 type:b dur:2 cpbdur:2 q:42.15 aq:44.15 tex:7841 mv:10250 misc:2725 imb:82 pmb:937 smb:2581 d:- ref:0 ;
in:418 out:415 type:P dur:2 cpbdur:2 q:42.15 aq:40.97 tex:59316 mv:21579 misc:2561 imb:1457 pmb:1012 smb:1131 d:s ref:0 ;
in:416 out:416 type:B dur:2 cpbdur:2 q:42.15 aq:42.74 tex:17975 mv:17414 misc:3107 imb:238 pmb:1323 smb:2039 d:s ref:0 ;
in:415 out:417 type:b dur:2 cpbdur:2 q:42.14 aq:44.65 tex:7844 mv:9924 misc:2664 imb:92 pmb:882 smb:2626 d:s ref:0 ;
in:417 out:418 type:b dur:2 cpbdur:2 q:42.15 aq:44.73 tex:7415 mv:9485 misc:2564 imb:93 pmb:822 smb:2685 d:- ref:0 ;
in:422 out:419 type:P dur:2 cpbdur:2 q:42.16 aq:41.20 tex:56989 mv:20998 misc:2565 imb:1443 pmb:975 smb:1182 d:s ref:0 ;
in:420 out:420 type:B dur:2 cpbdur:2 q:42.16 aq:42.95 tex:20239 mv:17986 misc:3119 imb:324 pmb:1256 smb:2020 d:s ref:0 ;
in:419 out:421 type:b dur:2 cpbdur:2 q:42.15 aq:44.71 tex:8225 mv:10225 misc:2598 imb:146 pmb:837 smb:2617 d:s ref:0 ;
in:421 out:422 type:b dur:2 cpbdur:2 q:42.16 aq:43.75 tex:8529 mv:10614 misc:2545 imb:144 pmb:852 smb:2604 d:- ref:0 ;
in:426 out:423 type:P dur:2 cpbdur:2 q:42.15 aq:41.09 tex:61915 mv:21212 misc:2569 imb:1509 pmb:950 smb:1141 d:s ref:0 ;
in:424 out:424 type:B dur:2 cpbdur:2 q:42.16 aq:42.82 tex:18996 mv:17641 misc:3187 imb:251 pmb:1333 smb:2016 d:s ref:0 ;
in:423 out:425 type:b dur:2 cpbdur:2 q:42.16 aq:44.19 tex:8565 mv:10547 misc:2728 imb:137 pmb:898 smb:2565 d:s ref:0 ;
in:425 out:426 type:b dur:2 cpbdur:2 q:42.15 aq:44.64 tex:7274 mv:9829 misc:2721 imb:101 pmb:869 smb:2630 d:- ref:0 ;
in:430 out:427 type:P dur:2 cpbdur:2 q:42.25 aq:41.29 tex:57423 mv:20215 misc:2658 imb:1535 pmb:915 smb:1150 d:s ref:0 ;
in:428 out:428 type:B dur:2 cpbdur:2 q:42.20 aq:42.76 tex:18610 mv:16411 misc:3187 imb:312 pmb:1212 smb:2076 d:s ref:0 ;
in:427 out:429 type:b dur:2 cpbdur:2 q:42.18 aq:44.14 tex:7899 mv:10071 misc:2670 imb:147 pmb:814 smb:2639 d:s ref:0 ;
in:429 out:430 type:b dur:2 cpbdur:2 q:42.22 aq:43.63 tex:7331 mv:9672 misc:2661 imb:159 pmb:821 smb:2620 d:- ref:0 ;
in:434 out:431 type:P dur:2 cpbdur:2 q:42.26 aq:41.10 tex:54451 mv:20882 misc:2539 imb:1581 pmb:904 smb:1115 d:s ref:0 ;
in:432 out:432 type:B dur:2 cpbdur:2 q:42.25 aq:42.82 tex:21149 mv:17847 misc:3092 imb:390 pmb:1257 smb:1953 d:s ref:0 ;
in:431 out:433 type:b dur:2 cpbdur:2 q:42.25 aq:43.60 tex:7774 mv:10937 misc:2681 imb:163 pmb:887 smb:2550 d:s ref:0 ;
in:433 out:434 type:b dur:2 cpbdur:2 q:42.26 aq:43.65 tex:9387 mv:11163 misc:2626 imb:200 pmb:927 smb:2473 d:- ref:0 ;
in:438 out:435 type:P dur:2 cpbdur:2 q:42.28 aq:41.28 tex:56254 mv:19966 misc:2324 imb:1694 pmb:778 smb:1128 d:s ref:0 ;
in:436 out:436 type:B dur:2 cpbdur:2 q:42.27 aq:42.81 tex:22873 mv:18301 misc:3018 imb:515 pmb:1193 smb:1892 d:s ref:0 ;
in:435 out:437 type:b dur:2 cpbdur:2 q:42.26 aq:44.43 tex:9712 mv:11250 misc:2654 imb:243 pmb:855 smb:2502 d:s ref:0 ;
in:437 out:438 type:b dur:2 cpbdur:2 q:42.27 aq:44.07 tex:9152 mv:11022 misc:2770 imb:251 pmb:866 smb:2483 d:- ref:0 ;
in:442 out:439 type:P dur:2 cpbdur:2 q:42.29 aq:41.60 tex:61361 mv:19731 misc:2348 imb:1748 pmb:765 smb:1087 d:s ref:0 ;
in:440 out:440 type:B dur:2 cpbdur:2 q:42.28 aq:42.84 tex:22671 mv:18942 misc:3027 imb:503 pmb:1260 smb:1837 d:s ref:0 ;
in:439 out:441 type:b dur:2 cpbdur:2 q:42.28 aq:44.45 tex:8684 mv:11022 misc:2718 imb:238 pmb:908 smb:2454 d:s ref:0 ;
in:441 out:442 type:b dur:2 cpbdur:2 q:42.28 aq:44.46 tex:9419 mv:11579 misc:2762 imb:197 pmb:985 smb:2418 d:- ref:0 ;
in:445 out:443 type:P dur:2 cpbdur:2 q:42.30 aq:41.05 tex:46736 mv:16714 misc:2302 imb:1740 pmb:626 smb:1234 d:s ref:0 ;
in:443 out:444 type:B dur:2 cpbdur:2 q:42.29 aq:43.50 tex:14136 mv:14047 misc:2953 imb:319 pmb:1038 smb:2243 d:s ref:0 ;
in:444 out:445 type:b dur:2 cpbdur:2 q:42.29 aq:44.34 tex:11960 mv:12594 misc:2694 imb:383 pmb:841 smb:2376 d:- ref:0 ;
in:449 out:446 type:P dur:2 cpbdur:2 q:42.33 aq:40.98 tex:57962 mv:18152 misc:2438 imb:1746 pmb:663 smb:1191 d:s ref:0 ;
in:447 out:447 type:B dur:2 cpbdur:2 q:42.32 aq:41.81 tex:23405 mv:18744 misc:2907 imb:908 pmb:983 smb:1709 d:s ref:0 ;
in:446 out:448 type:b dur:2 cpbdur:2 q:42.31 aq:44.00 tex:15200 mv:12965 misc:2707 imb:382 pmb:941 smb:2277 d:s ref:0 ;
in:448 out:449 type:b dur:2 cpbdur:2 q:42.33 aq:43.78 tex:13176 mv:12225 misc:2567 imb:469 pmb:826 smb:2305 d:- ref:0 ;
in:453 out:450 type:P dur:2 cpbdur:2 q:42.35 aq:40.98 tex:59440 mv:18988 misc:2572 imb:1790 pmb:766 smb:1044 d:s ref:0 w:5,31,1 ;
in:451 out:451 type:B dur:2 cpbdur:2 q:42.34 aq:42.43 tex:18403 mv:14849 misc:3164 imb:373 pmb:1128 smb:2099 d:s ref:0 ;
in:450 out:452 type:b dur:2 cpbdur:2 q:42.34 aq:43.79 tex:10232 mv:10214 misc:2602 imb:269 pmb:813 smb:2518 d:s ref:0 ;
in:452 out:453 type:b dur:2 cpbdur:2 q:42.35 aq:43.64 tex:9020 mv:9368 misc:2716 imb:240 pmb:807 smb:2553 d:- ref:0 ;
in:457 out:454 type:P dur:2 cpbdur:2 q:42.36 aq:41.04 tex:60885 mv:18786 misc:2665 imb:1670 pmb:789 smb:1141 d:s ref:0 ;
in:455 out:455 type:B dur:2 cpbdur:2 q:42.35 aq:42.49 tex:23856 mv:16211 misc:3149 imb:444 pmb:1163 smb:1993 d:s ref:0 ;
in:454 out:456 type:b dur:2 cpbdur:2 q:42.35 aq:44.47 tex:11513 mv:9986 misc:2613 imb:251 pmb:842 smb:2507 d:s ref:0 ;
in:456 out:457 type:b dur:2 cpbdur:2 q:42.36 aq:43.78 tex:9921 mv:11112 misc:2687 imb:356 pmb:793 smb:2451 d:- ref:0 ;
in:461 out:458 type:P dur:2 cpbdur:2 q:42.38 aq:40.96 tex:61023 mv:19707 misc:2814 imb:1580 pmb:881 smb:1139 d:s ref:0 w:5,31,1,4,16,0,15,7 ;
in:459 out:459 type:B dur:2 cpbdur:2 q:42.37 aq:42.66 tex:19491 mv:16336 misc:3133 imb:347 pmb:1254 smb:1999 d:s ref:0 ;
in:458 out:460 type:b dur:2 cpbdur:2 q:42.36 aq:43.96 tex:8079 mv:10621 misc:2788 imb:171 pmb:903 smb:2526 d:s ref:0 ;
in:460 out:461 type:b dur:2 cpbdur:2 q:42.38 aq:44.40 tex:7966 mv:10086 misc:2660 imb:186 pmb:842 smb:2572 d:- ref:0 ;
in:465 out:462 type:P dur:2 cpbdur:2 q:42.42 aq:41.52 tex:59609 mv:20467 misc:2636 imb:1604 pmb:891 smb:1105 d:s ref:0 ;
in:463 out:463 type:B dur:2 cpbdur:2 q:42.40 aq:42.63 tex:19631 mv:16318 misc:3283 imb:325 pmb:1275 smb:2000 d:t ref:0 ;
in:462 out:464 type:b dur:2 cpbdur:2 q:42.39 aq:44.38 tex:10092 mv:9719 misc:2653 imb:201 pmb:799 smb:2600 d:s ref:0 ;
in:464 out:465 type:b dur:2 cpbdur:2 q:42.41 aq:44.21 tex:9183 mv:10101 misc:2708 imb:160 pmb:874 smb:2566 d:- ref:0 ;
in:469 out:466 type:P dur:2 cpbdur:2 q:42.42 aq:41.28 tex:59515 mv:20138 misc:2747 imb:1599 pmb:878 smb:1123 d:s ref:0 ;
in:467 out:467 type:B dur:2 cpbdur:2 q:42.42 aq:42.48 tex:20009 mv:17876 misc:3275 imb:355 pmb:1325 smb:1920 d:s ref:0 ;
in:466 out:468 type:b dur:2 cpbdur:2 q:42.42 aq:43.73 tex:9509 mv:11155 misc:2952 imb:212 pmb:928 smb:2460 d:s ref:0 ;
in:468 out:469 type:b dur:2 cpbdur:2 q:42.42 aq:44.41 tex:9308 mv:10756 misc:2848 imb:164 pmb:924 smb:2512 d:- ref:0 ;
in:473 out:470 type:P dur:2 cpbdur:2 q:42.48 aq:41.27 tex:56006 mv:19919 misc:2683 imb:1540 pmb:895 smb:1165 d:s ref:0 ;
in:471 out:471 type:B dur:2 cpbdur:2 q:42.45 aq:43.01 tex:19796 mv:16567 misc:3261 imb:336 pmb:1299 smb:1965 d:t ref:0 ;
in:470 out:472 type:b dur:2 cpbdur:2 q:42.44 aq:44.40 tex:7730 mv:10007 misc:2775 imb:127 pmb:880 smb:2593 d:s ref:0 ;
in:472 out:473 type:b dur:2 cpbdur:2 q:42.47 aq:45.22 tex:7688 mv:9163 misc:2765 imb:112 pmb:835 smb:2653 d:- ref:0 ;
in:477 out:474 type:P dur:2 cpbdur:2 q:42.52 aq:41.60 tex:56135 mv:20426 misc:2823 imb:1477 pmb:928 smb:1195 d:s ref:0 ;
in:475 out:475 type:B dur:2 cpbdur:2 q:42.50 aq:43.41 tex:18795 mv:15917 misc:3272 imb:245 pmb:1286 smb:2069 d:s ref:0 ;
in:474 out:476 type:b dur:2 cpbdur:2 q:42.49 aq:44.65 tex:8096 mv:9192 misc:2696 imb:100 pmb:824 smb:2676 d:s ref:0 ;
in:476 out:477 type:b dur:2 cpbdur:2 q:42.51 aq:45.07 tex:7969 mv:8919 misc:2720 imb:99 pmb:813 smb:2688 d:- ref:0 ;
in:481 out:478 type:P dur:2 cpbdur:2 q:42.54 aq:41.94 tex:58499 mv:20424 misc:2661 imb:1558 pmb:913 smb:1129 d:s ref:0 ;
in:479 out:479 type:B dur:2 cpbdur:2 q:42.53 aq:43.39 tex:18573 mv:16587 misc:3352 imb:293 pmb:1328 smb:1979 d:s ref:0 ;
in:478 out:480 type:b dur:2 cpbdur:2 q:42.53 aq:44.24 tex:8088 mv:9571 misc:2701 imb:140 pmb:820 smb:2640 d:s ref:0 ;
in:480 out:481 type:b dur:2 cpbdur:2 q:42.53 aq:44.58 tex:8183 mv:9573 misc:2756 imb:113 pmb:862 smb:2625 d:- ref:0 ;
in:485 out:482 type:P dur:2 cpbdur:2 q:42.55 aq:41.66 tex:57473 mv:19629 misc:2666 imb:1594 pmb:849 smb:1157 d:s ref:0 ;
in:483 out:483 type:B dur:2 cpbdur:2 q:42.55 aq:43.77 tex:19440 mv:16834 misc:3206 imb:271 pmb:1365 smb:1964 d:t ref:0 ;
in:482 out:484 type:b dur:2 cpbdur:2 q:42.54 aq:44.51 tex:8040 mv:9459 misc:2821 imb:116 pmb:887 smb:2597 d:s ref:0 ;
in:484 out:485 type:b dur:2 cpbdur:2 q:42.55 aq:44.82 tex:8435 mv:9803 misc:2826 imb:107 pmb:895 smb:2598 d:- ref:0 ;
in:489 out:486 type:P dur:2 cpbdur:2 q:42.55 aq:41.59 tex:54838 mv:20375 misc:2499 imb:1613 pmb:871 smb:1116 d:s ref:0 ;
in:487 out:487 type:B dur:2 cpbdur:2 q:42.55 aq:43.43 tex:20397 mv:17222 misc:3117 imb:318 pmb:1326 smb:1956 d:t ref:0 ;
in:486 out:488 type:b dur:2 cpbdur:2 q:42.55 aq:44.90 tex:7854 mv:9899 misc:2759 imb:114 pmb:897 smb:2589 d:s ref:0 ;
in:488 out:489 type:b dur:2 cpbdur:2 q:42.55 aq:44.76 tex:8544 mv:9745 misc:2775 imb:105 pmb:894 smb:2601 d:- ref:0 ;
in:493 out:490 type:P dur:2 cpbdur:2 q:42.55 aq:41.32 tex:57219 mv:20298 misc:2499 imb:1587 pmb:853 smb:1160 d:s ref:0 ;
in:491 out:491 type:B dur:2 cpbdur:2 q:42.55 aq:43.47 tex:20190 mv:16591 misc:3171 imb:313 pmb:1277 smb:2010 d:t ref:0 ;
in:490 out:492 type:b dur:2 cpbdur:2 q:42.55 aq:44.86 tex:8808 mv:9609 misc:2711 imb:146 pmb:854 smb:2600 d:s ref:0 ;
in:492 out:493 type:b dur:2 cpbdur:2 q:42.55 aq:44.32 tex:10115 mv:10218 misc:2731 imb:169 pmb:889 smb:2542 d:- ref:0 ;
in:497 out:494 type:P dur:2 cpbdur:2 q:42.54 aq:41.58 tex:54002 mv:19900 misc:2714 imb:1450 pmb:894 smb:1256 d:s ref:0 ;
in:495 out:495 type:B dur:2 cpbdur:2 q:42.55 aq:43.63 tex:20310 mv:16543 misc:3067 imb:302 pmb:1266 smb:2032 d:t ref:0 ;
in:494 out:496 type:b dur:2 cpbdur:2 q:42.55 aq:44.86 tex:8886 mv:10356 misc:2686 imb:114 pmb:923 smb:2563 d:s ref:0 ;
in:496 out:497 type:b dur:2 cpbdur:2 q:42.54 aq:44.94 tex:9622 mv:9852 misc:2654 imb:138 pmb:892 smb:2570 d:- ref:0 ;
in:501 out:498 type:P dur:2 cpbdur:2 q:42.52 aq:42.12 tex:49825 mv:18851 misc:2556 imb:1495 pmb:820 smb:1285 d:s ref:0 ;
in:499 out:499 type:B dur:2 cpbdur:2 q:42.53 aq:42.73 tex:20767 mv:16415 misc:3082 imb:281 pmb:1328 smb:1991 d:t ref:0 ;
in:498 out:500 type:b dur:2 cpbdur:2 q:42.53 aq:44.68 tex:9898 mv:10161 misc:2621 imb:118 pmb:908 smb:2574 d:s ref:0 ;
in:500 out:501 type:b dur:2 cpbdur:2 q:42.52 aq:44.80 tex:9852 mv:9538 misc:2602 imb:94 pmb:894 smb:2612 d:- ref:0 ;
in:503 out:502 type:P dur:2 cpbdur:2 q:42.50 aq:44.04 tex:27059 mv:14545 misc:2860 imb:875 pmb:825 smb:1900 d:s ref:0 ;
in:502 out:503 type:b dur:2 cpbdur:2 q:42.51 aq:45.01 tex:10007 mv:9636 misc:2653 imb:120 pmb:878 smb:2602 d:t ref:0 ;
